nohup: ignoring input
[INFO] Scanning for projects...
[INFO] 
[INFO] ----------------------< com.example:G_apprenant >-----------------------
[INFO] Building G_apprenant 0.0.1-SNAPSHOT
[INFO]   from pom.xml
[INFO] --------------------------------[ jar ]---------------------------------
[INFO] 
[INFO] >>> spring-boot:3.5.5:run (default-cli) > test-compile @ G_apprenant >>>
[INFO] 
[INFO] --- resources:3.3.1:resources (default-resources) @ G_apprenant ---
[INFO] Copying 1 resource from src/main/resources to target/classes
[INFO] Copying 1 resource from src/main/resources to target/classes
[INFO] 
[INFO] --- compiler:3.14.0:compile (default-compile) @ G_apprenant ---
[INFO] Nothing to compile - all classes are up to date.
[INFO] 
[INFO] --- resources:3.3.1:testResources (default-testResources) @ G_apprenant ---
[INFO] skip non existing resourceDirectory /home/fandresena/Documents/projet/G_apprenant/src/test/resources
[INFO] 
[INFO] --- compiler:3.14.0:testCompile (default-testCompile) @ G_apprenant ---
[INFO] Nothing to compile - all classes are up to date.
[INFO] 
[INFO] <<< spring-boot:3.5.5:run (default-cli) < test-compile @ G_apprenant <<<
[INFO] 
[INFO] 
[INFO] --- spring-boot:3.5.5:run (default-cli) @ G_apprenant ---
[INFO] Attaching agents: []

  .   ____          _            __ _ _
 /\\ / ___'_ __ _ _(_)_ __  __ _ \ \ \ \
( ( )\___ | '_ | '_| | '_ \/ _` | \ \ \ \
 \\/  ___)| |_)| | | | | || (_| |  ) ) ) )
  '  |____| .__|_| |_|_| |_\__, | / / / /
 =========|_|==============|___/=/_/_/_/

 :: Spring Boot ::                (v3.5.5)

2025-09-17 11:46:06 - Starting GApprenantApplication using Java 17.0.12 with PID 43159 (/home/fandresena/Documents/projet/G_apprenant/target/classes started by fandresena in /home/fandresena/Documents/projet/G_apprenant)
2025-09-17 11:46:06 - No active profile set, falling back to 1 default profile: "default"
2025-09-17 11:46:06 - Devtools property defaults active! Set 'spring.devtools.add-properties' to 'false' to disable
2025-09-17 11:46:06 - For additional web related logging consider setting the 'logging.level.web' property to 'DEBUG'
2025-09-17 11:46:07 - Bootstrapping Spring Data JPA repositories in DEFAULT mode.
2025-09-17 11:46:07 - Finished Spring Data repository scanning in 59 ms. Found 4 JPA repository interfaces.
2025-09-17 11:46:08 - Tomcat initialized with port 8080 (http)
2025-09-17 11:46:08 - Starting service [Tomcat]
2025-09-17 11:46:08 - Starting Servlet engine: [Apache Tomcat/10.1.44]
2025-09-17 11:46:08 - Initializing Spring embedded WebApplicationContext
2025-09-17 11:46:08 - Root WebApplicationContext: initialization completed in 1856 ms
2025-09-17 11:46:08 - Filter 'webMvcObservationFilter' configured for use
2025-09-17 11:46:08 - HHH000204: Processing PersistenceUnitInfo [name: default]
2025-09-17 11:46:08 - HHH000412: Hibernate ORM core version 6.6.26.Final
2025-09-17 11:46:08 - HHH000026: Second-level cache disabled
2025-09-17 11:46:08 - No LoadTimeWeaver setup: ignoring JPA class transformer
2025-09-17 11:46:08 - HikariPool-1 - Starting...
2025-09-17 11:46:09 - HikariPool-1 - Added connection org.postgresql.jdbc.PgConnection@2572be9b
2025-09-17 11:46:09 - HikariPool-1 - Start completed.
2025-09-17 11:46:09 - HHH90000025: PostgreSQLDialect does not need to be specified explicitly using 'hibernate.dialect' (remove the property setting and it will be selected by default)
2025-09-17 11:46:09 - HHH10001005: Database info:
	Database JDBC URL [Connecting through datasource 'HikariDataSource (HikariPool-1)']
	Database driver: undefined/unknown
	Database version: 16.10
	Autocommit mode: undefined/unknown
	Isolation level: undefined/unknown
	Minimum pool size: undefined/unknown
	Maximum pool size: undefined/unknown
2025-09-17 11:46:09 - addDescriptor(2003, org.hibernate.type.descriptor.sql.internal.ArrayDdlTypeImpl@4648699f) replaced previous registration(org.hibernate.type.descriptor.sql.internal.ArrayDdlTypeImpl@16ea6370)
2025-09-17 11:46:09 - addDescriptor(6, org.hibernate.type.descriptor.sql.internal.CapacityDependentDdlType@7f3baa68) replaced previous registration(org.hibernate.type.descriptor.sql.internal.DdlTypeImpl@a77dbf5)
2025-09-17 11:46:10 - HHH000489: No JTA platform available (set 'hibernate.transaction.jta.platform' to enable JTA platform integration)
2025-09-17 11:46:10 - Initialized JPA EntityManagerFactory for persistence unit 'default'
2025-09-17 11:46:11 - spring.jpa.open-in-view is enabled by default. Therefore, database queries may be performed during view rendering. Explicitly configure spring.jpa.open-in-view to disable this warning
2025-09-17 11:46:11 - 33 mappings in 'requestMappingHandlerMapping'
2025-09-17 11:46:11 - Patterns [/webjars/**, /**, /swagger-ui*/*swagger-initializer.js, /swagger-ui*/**] in 'resourceHandlerMapping'
2025-09-17 11:46:11 - ControllerAdvice beans: 0 @ModelAttribute, 0 @InitBinder, 1 RequestBodyAdvice, 1 ResponseBodyAdvice
2025-09-17 11:46:11 - ControllerAdvice beans: 2 @ExceptionHandler, 1 ResponseBodyAdvice
2025-09-17 11:46:12 - LiveReload server is running on port 35729
2025-09-17 11:46:12 - Exposing 3 endpoints beneath base path '/actuator'
2025-09-17 11:46:12 - Tomcat started on port 8080 (http) with context path '/api'
2025-09-17 11:46:12 - Started GApprenantApplication in 6.398 seconds (process running for 6.868)
2025-09-17 11:46:25 - Initializing Spring DispatcherServlet 'dispatcherServlet'
2025-09-17 11:46:25 - Initializing Servlet 'dispatcherServlet'
2025-09-17 11:46:25 - Detected StandardServletMultipartResolver
2025-09-17 11:46:25 - Detected AcceptHeaderLocaleResolver
2025-09-17 11:46:25 - Detected FixedThemeResolver
2025-09-17 11:46:25 - Detected org.springframework.web.servlet.view.DefaultRequestToViewNameTranslator@4b0c164f
2025-09-17 11:46:25 - Detected org.springframework.web.servlet.support.SessionFlashMapManager@77a7cc3
2025-09-17 11:46:25 - enableLoggingRequestDetails='false': request parameters and headers will be masked to prevent unsafe logging of potentially sensitive data
2025-09-17 11:46:25 - Completed initialization in 3 ms
2025-09-17 11:46:25 - GET "/api/apprenants", parameters={}
2025-09-17 11:46:25 - Mapped to com.example.G_apprenant.controller.ApprenantController#getAll()
2025-09-17 11:46:25 - 
    select
        a1_0.id_apprenant,
        a1_0.adresse,
        a1_0.cin,
        a1_0.date_naissance,
        a1_0.email,
        a1_0.nom,
        a1_0.prenom,
        a1_0.telephone 
    from
        apprenant a1_0
2025-09-17 11:46:25 - Using 'application/json', given [application/json] and supported [application/json]
2025-09-17 11:46:25 - Writing [[Apprenant{idApprenant=1, nom='RAKOTO', prenom='Jean', email='jean.rakoto@email.com', cin='123456789 (truncated)...]
2025-09-17 11:46:25 - 
    select
        i1_0.id_apprenant,
        i1_0.id_inscription,
        i1_0.date_inscription,
        i1_0.droit_inscription,
        i1_0.id_formation,
        i1_0.statut 
    from
        inscription i1_0 
    where
        i1_0.id_apprenant=?
2025-09-17 11:46:25 - 
    select
        p1_0.id_inscription,
        p1_0.id_paiement,
        p1_0.date_paiement,
        p1_0.mode_paiement,
        p1_0.module,
        p1_0.montant 
    from
        paiement p1_0 
    where
        p1_0.id_inscription=?
2025-09-17 11:46:25 - 
    select
        f1_0.id_formation,
        f1_0.description,
        f1_0.duree,
        f1_0.frais,
        f1_0.nom 
    from
        formation f1_0 
    where
        f1_0.id_formation=?
2025-09-17 11:46:25 - 
    select
        p1_0.id_inscription,
        p1_0.id_paiement,
        p1_0.date_paiement,
        p1_0.mode_paiement,
        p1_0.module,
        p1_0.montant 
    from
        paiement p1_0 
    where
        p1_0.id_inscription=?
2025-09-17 11:46:25 - 
    select
        f1_0.id_formation,
        f1_0.description,
        f1_0.duree,
        f1_0.frais,
        f1_0.nom 
    from
        formation f1_0 
    where
        f1_0.id_formation=?
2025-09-17 11:46:25 - 
    select
        i1_0.id_apprenant,
        i1_0.id_inscription,
        i1_0.date_inscription,
        i1_0.droit_inscription,
        i1_0.id_formation,
        i1_0.statut 
    from
        inscription i1_0 
    where
        i1_0.id_apprenant=?
2025-09-17 11:46:25 - 
    select
        p1_0.id_inscription,
        p1_0.id_paiement,
        p1_0.date_paiement,
        p1_0.mode_paiement,
        p1_0.module,
        p1_0.montant 
    from
        paiement p1_0 
    where
        p1_0.id_inscription=?
2025-09-17 11:46:25 - 
    select
        i1_0.id_apprenant,
        i1_0.id_inscription,
        i1_0.date_inscription,
        i1_0.droit_inscription,
        i1_0.id_formation,
        i1_0.statut 
    from
        inscription i1_0 
    where
        i1_0.id_apprenant=?
2025-09-17 11:46:25 - 
    select
        p1_0.id_inscription,
        p1_0.id_paiement,
        p1_0.date_paiement,
        p1_0.mode_paiement,
        p1_0.module,
        p1_0.montant 
    from
        paiement p1_0 
    where
        p1_0.id_inscription=?
2025-09-17 11:46:25 - 
    select
        f1_0.id_formation,
        f1_0.description,
        f1_0.duree,
        f1_0.frais,
        f1_0.nom 
    from
        formation f1_0 
    where
        f1_0.id_formation=?
2025-09-17 11:46:25 - 
    select
        i1_0.id_apprenant,
        i1_0.id_inscription,
        i1_0.date_inscription,
        i1_0.droit_inscription,
        i1_0.id_formation,
        i1_0.statut 
    from
        inscription i1_0 
    where
        i1_0.id_apprenant=?
2025-09-17 11:46:25 - 
    select
        p1_0.id_inscription,
        p1_0.id_paiement,
        p1_0.date_paiement,
        p1_0.mode_paiement,
        p1_0.module,
        p1_0.montant 
    from
        paiement p1_0 
    where
        p1_0.id_inscription=?
2025-09-17 11:46:25 - 
    select
        f1_0.id_formation,
        f1_0.description,
        f1_0.duree,
        f1_0.frais,
        f1_0.nom 
    from
        formation f1_0 
    where
        f1_0.id_formation=?
2025-09-17 11:46:25 - 
    select
        i1_0.id_apprenant,
        i1_0.id_inscription,
        i1_0.date_inscription,
        i1_0.droit_inscription,
        i1_0.id_formation,
        i1_0.statut 
    from
        inscription i1_0 
    where
        i1_0.id_apprenant=?
2025-09-17 11:46:25 - 
    select
        p1_0.id_inscription,
        p1_0.id_paiement,
        p1_0.date_paiement,
        p1_0.mode_paiement,
        p1_0.module,
        p1_0.montant 
    from
        paiement p1_0 
    where
        p1_0.id_inscription=?
2025-09-17 11:46:25 - 
    select
        f1_0.id_formation,
        f1_0.description,
        f1_0.duree,
        f1_0.frais,
        f1_0.nom 
    from
        formation f1_0 
    where
        f1_0.id_formation=?
2025-09-17 11:46:25 - Completed 200 OK
2025-09-17 11:46:36 - POST "/api/apprenants", parameters={}
2025-09-17 11:46:36 - Mapped to com.example.G_apprenant.controller.ApprenantController#create(ApprenantRequest)
2025-09-17 11:46:36 - Read "application/json;charset=UTF-8" to [com.example.G_apprenant.dto.ApprenantRequest@61b65490]
2025-09-17 11:46:36 - 
    insert 
    into
        apprenant
        (adresse, cin, date_naissance, email, nom, prenom, telephone) 
    values
        (?, ?, ?, ?, ?, ?, ?)
2025-09-17 11:46:36 - Using 'application/json', given [application/json] and supported [application/json]
2025-09-17 11:46:36 - Writing [Apprenant{idApprenant=6, nom='NOFY', prenom='Elson', email='elsonnofy@gmail.com', cin='201032120421' (truncated)...]
2025-09-17 11:46:36 - Completed 201 CREATED
2025-09-17 11:47:20 - POST "/api/apprenants", parameters={}
2025-09-17 11:47:20 - Mapped to com.example.G_apprenant.controller.ApprenantController#create(ApprenantRequest)
2025-09-17 11:47:20 - Read "application/json;charset=UTF-8" to [com.example.G_apprenant.dto.ApprenantRequest@73eccbd2]
2025-09-17 11:47:20 - 
    insert 
    into
        apprenant
        (adresse, cin, date_naissance, email, nom, prenom, telephone) 
    values
        (?, ?, ?, ?, ?, ?, ?)
2025-09-17 11:47:20 - Using 'application/json', given [*/*] and supported [application/json]
2025-09-17 11:47:20 - Writing [Apprenant{idApprenant=7, nom='FANDRESENA', prenom='Dieu Donne', email='fandresena@gmail.com', cin='2 (truncated)...]
2025-09-17 11:47:20 - Completed 201 CREATED
2025-09-17 11:47:29 - GET "/api/apprenants/7", parameters={}
2025-09-17 11:47:29 - Mapped to com.example.G_apprenant.controller.ApprenantController#getById(Long)
2025-09-17 11:47:29 - 
    select
        a1_0.id_apprenant,
        a1_0.adresse,
        a1_0.cin,
        a1_0.date_naissance,
        a1_0.email,
        a1_0.nom,
        a1_0.prenom,
        a1_0.telephone 
    from
        apprenant a1_0 
    where
        a1_0.id_apprenant=?
2025-09-17 11:47:29 - Using 'application/json', given [*/*] and supported [application/json]
2025-09-17 11:47:29 - Writing [Apprenant{idApprenant=7, nom='FANDRESENA', prenom='Dieu Donne', email='fandresena@gmail.com', cin='2 (truncated)...]
2025-09-17 11:47:29 - 
    select
        i1_0.id_apprenant,
        i1_0.id_inscription,
        i1_0.date_inscription,
        i1_0.droit_inscription,
        i1_0.id_formation,
        i1_0.statut 
    from
        inscription i1_0 
    where
        i1_0.id_apprenant=?
2025-09-17 11:47:29 - Completed 200 OK
2025-09-17 11:47:32 - GET "/api/apprenants/", parameters={}
2025-09-17 11:47:32 - Mapped to ResourceHttpRequestHandler [classpath [META-INF/resources/], classpath [resources/], classpath [static/], classpath [public/], ServletContext [/]]
2025-09-17 11:47:32 - Resource not found
2025-09-17 11:47:32 - Using @ExceptionHandler com.example.G_apprenant.exception.GlobalExceptionHandler#handleOther(Exception)
org.springframework.web.servlet.resource.NoResourceFoundException: No static resource apprenants.
	at org.springframework.web.servlet.resource.ResourceHttpRequestHandler.handleRequest(ResourceHttpRequestHandler.java:585)
	at org.springframework.web.servlet.mvc.HttpRequestHandlerAdapter.handle(HttpRequestHandlerAdapter.java:52)
	at org.springframework.web.servlet.DispatcherServlet.doDispatch(DispatcherServlet.java:1089)
	at org.springframework.web.servlet.DispatcherServlet.doService(DispatcherServlet.java:979)
	at org.springframework.web.servlet.FrameworkServlet.processRequest(FrameworkServlet.java:1014)
	at org.springframework.web.servlet.FrameworkServlet.doGet(FrameworkServlet.java:903)
	at jakarta.servlet.http.HttpServlet.service(HttpServlet.java:564)
	at org.springframework.web.servlet.FrameworkServlet.service(FrameworkServlet.java:885)
	at jakarta.servlet.http.HttpServlet.service(HttpServlet.java:658)
	at org.apache.catalina.core.ApplicationFilterChain.internalDoFilter(ApplicationFilterChain.java:195)
	at org.apache.catalina.core.ApplicationFilterChain.doFilter(ApplicationFilterChain.java:140)
	at org.apache.tomcat.websocket.server.WsFilter.doFilter(WsFilter.java:51)
	at org.apache.catalina.core.ApplicationFilterChain.internalDoFilter(ApplicationFilterChain.java:164)
	at org.apache.catalina.core.ApplicationFilterChain.doFilter(ApplicationFilterChain.java:140)
	at org.springframework.web.filter.RequestContextFilter.doFilterInternal(RequestContextFilter.java:100)
	at org.springframework.web.filter.OncePerRequestFilter.doFilter(OncePerRequestFilter.java:116)
	at org.apache.catalina.core.ApplicationFilterChain.internalDoFilter(ApplicationFilterChain.java:164)
	at org.apache.catalina.core.ApplicationFilterChain.doFilter(ApplicationFilterChain.java:140)
	at org.springframework.web.filter.FormContentFilter.doFilterInternal(FormContentFilter.java:93)
	at org.springframework.web.filter.OncePerRequestFilter.doFilter(OncePerRequestFilter.java:116)
	at org.apache.catalina.core.ApplicationFilterChain.internalDoFilter(ApplicationFilterChain.java:164)
	at org.apache.catalina.core.ApplicationFilterChain.doFilter(ApplicationFilterChain.java:140)
	at org.springframework.web.filter.ServerHttpObservationFilter.doFilterInternal(ServerHttpObservationFilter.java:110)
	at org.springframework.web.filter.OncePerRequestFilter.doFilter(OncePerRequestFilter.java:116)
	at org.apache.catalina.core.ApplicationFilterChain.internalDoFilter(ApplicationFilterChain.java:164)
	at org.apache.catalina.core.ApplicationFilterChain.doFilter(ApplicationFilterChain.java:140)
	at org.springframework.web.filter.CharacterEncodingFilter.doFilterInternal(CharacterEncodingFilter.java:201)
	at org.springframework.web.filter.OncePerRequestFilter.doFilter(OncePerRequestFilter.java:116)
	at org.apache.catalina.core.ApplicationFilterChain.internalDoFilter(ApplicationFilterChain.java:164)
	at org.apache.catalina.core.ApplicationFilterChain.doFilter(ApplicationFilterChain.java:140)
	at org.apache.catalina.core.StandardWrapperValve.invoke(StandardWrapperValve.java:167)
	at org.apache.catalina.core.StandardContextValve.invoke(StandardContextValve.java:90)
	at org.apache.catalina.authenticator.AuthenticatorBase.invoke(AuthenticatorBase.java:483)
	at org.apache.catalina.core.StandardHostValve.invoke(StandardHostValve.java:116)
	at org.apache.catalina.valves.ErrorReportValve.invoke(ErrorReportValve.java:93)
	at org.apache.catalina.core.StandardEngineValve.invoke(StandardEngineValve.java:74)
	at org.apache.catalina.connector.CoyoteAdapter.service(CoyoteAdapter.java:344)
	at org.apache.coyote.http11.Http11Processor.service(Http11Processor.java:398)
	at org.apache.coyote.AbstractProcessorLight.process(AbstractProcessorLight.java:63)
	at org.apache.coyote.AbstractProtocol$ConnectionHandler.process(AbstractProtocol.java:903)
	at org.apache.tomcat.util.net.NioEndpoint$SocketProcessor.doRun(NioEndpoint.java:1769)
	at org.apache.tomcat.util.net.SocketProcessorBase.run(SocketProcessorBase.java:52)
	at org.apache.tomcat.util.threads.ThreadPoolExecutor.runWorker(ThreadPoolExecutor.java:1189)
	at org.apache.tomcat.util.threads.ThreadPoolExecutor$Worker.run(ThreadPoolExecutor.java:658)
	at org.apache.tomcat.util.threads.TaskThread$WrappingRunnable.run(TaskThread.java:63)
	at java.base/java.lang.Thread.run(Thread.java:842)
2025-09-17 11:47:32 - Using 'text/plain', given [*/*] and supported [text/plain, */*, application/json, application/*+json, application/yaml]
2025-09-17 11:47:32 - Writing ["Erreur: No static resource apprenants. - Cause: Aucune"]
2025-09-17 11:47:32 - Resolved [org.springframework.web.servlet.resource.NoResourceFoundException: No static resource apprenants.]
2025-09-17 11:47:32 - Completed 500 INTERNAL_SERVER_ERROR
2025-09-17 11:47:38 - GET "/api/apprenants", parameters={}
2025-09-17 11:47:38 - Mapped to com.example.G_apprenant.controller.ApprenantController#getAll()
2025-09-17 11:47:38 - 
    select
        a1_0.id_apprenant,
        a1_0.adresse,
        a1_0.cin,
        a1_0.date_naissance,
        a1_0.email,
        a1_0.nom,
        a1_0.prenom,
        a1_0.telephone 
    from
        apprenant a1_0
2025-09-17 11:47:38 - Using 'application/json', given [*/*] and supported [application/json]
2025-09-17 11:47:38 - Writing [[Apprenant{idApprenant=1, nom='RAKOTO', prenom='Jean', email='jean.rakoto@email.com', cin='123456789 (truncated)...]
2025-09-17 11:47:38 - 
    select
        i1_0.id_apprenant,
        i1_0.id_inscription,
        i1_0.date_inscription,
        i1_0.droit_inscription,
        i1_0.id_formation,
        i1_0.statut 
    from
        inscription i1_0 
    where
        i1_0.id_apprenant=?
2025-09-17 11:47:38 - 
    select
        p1_0.id_inscription,
        p1_0.id_paiement,
        p1_0.date_paiement,
        p1_0.mode_paiement,
        p1_0.module,
        p1_0.montant 
    from
        paiement p1_0 
    where
        p1_0.id_inscription=?
2025-09-17 11:47:38 - 
    select
        f1_0.id_formation,
        f1_0.description,
        f1_0.duree,
        f1_0.frais,
        f1_0.nom 
    from
        formation f1_0 
    where
        f1_0.id_formation=?
2025-09-17 11:47:38 - 
    select
        p1_0.id_inscription,
        p1_0.id_paiement,
        p1_0.date_paiement,
        p1_0.mode_paiement,
        p1_0.module,
        p1_0.montant 
    from
        paiement p1_0 
    where
        p1_0.id_inscription=?
2025-09-17 11:47:38 - 
    select
        f1_0.id_formation,
        f1_0.description,
        f1_0.duree,
        f1_0.frais,
        f1_0.nom 
    from
        formation f1_0 
    where
        f1_0.id_formation=?
2025-09-17 11:47:38 - 
    select
        i1_0.id_apprenant,
        i1_0.id_inscription,
        i1_0.date_inscription,
        i1_0.droit_inscription,
        i1_0.id_formation,
        i1_0.statut 
    from
        inscription i1_0 
    where
        i1_0.id_apprenant=?
2025-09-17 11:47:38 - 
    select
        p1_0.id_inscription,
        p1_0.id_paiement,
        p1_0.date_paiement,
        p1_0.mode_paiement,
        p1_0.module,
        p1_0.montant 
    from
        paiement p1_0 
    where
        p1_0.id_inscription=?
2025-09-17 11:47:38 - 
    select
        i1_0.id_apprenant,
        i1_0.id_inscription,
        i1_0.date_inscription,
        i1_0.droit_inscription,
        i1_0.id_formation,
        i1_0.statut 
    from
        inscription i1_0 
    where
        i1_0.id_apprenant=?
2025-09-17 11:47:38 - 
    select
        p1_0.id_inscription,
        p1_0.id_paiement,
        p1_0.date_paiement,
        p1_0.mode_paiement,
        p1_0.module,
        p1_0.montant 
    from
        paiement p1_0 
    where
        p1_0.id_inscription=?
2025-09-17 11:47:38 - 
    select
        f1_0.id_formation,
        f1_0.description,
        f1_0.duree,
        f1_0.frais,
        f1_0.nom 
    from
        formation f1_0 
    where
        f1_0.id_formation=?
2025-09-17 11:47:38 - 
    select
        i1_0.id_apprenant,
        i1_0.id_inscription,
        i1_0.date_inscription,
        i1_0.droit_inscription,
        i1_0.id_formation,
        i1_0.statut 
    from
        inscription i1_0 
    where
        i1_0.id_apprenant=?
2025-09-17 11:47:38 - 
    select
        p1_0.id_inscription,
        p1_0.id_paiement,
        p1_0.date_paiement,
        p1_0.mode_paiement,
        p1_0.module,
        p1_0.montant 
    from
        paiement p1_0 
    where
        p1_0.id_inscription=?
2025-09-17 11:47:38 - 
    select
        f1_0.id_formation,
        f1_0.description,
        f1_0.duree,
        f1_0.frais,
        f1_0.nom 
    from
        formation f1_0 
    where
        f1_0.id_formation=?
2025-09-17 11:47:38 - 
    select
        i1_0.id_apprenant,
        i1_0.id_inscription,
        i1_0.date_inscription,
        i1_0.droit_inscription,
        i1_0.id_formation,
        i1_0.statut 
    from
        inscription i1_0 
    where
        i1_0.id_apprenant=?
2025-09-17 11:47:38 - 
    select
        p1_0.id_inscription,
        p1_0.id_paiement,
        p1_0.date_paiement,
        p1_0.mode_paiement,
        p1_0.module,
        p1_0.montant 
    from
        paiement p1_0 
    where
        p1_0.id_inscription=?
2025-09-17 11:47:38 - 
    select
        f1_0.id_formation,
        f1_0.description,
        f1_0.duree,
        f1_0.frais,
        f1_0.nom 
    from
        formation f1_0 
    where
        f1_0.id_formation=?
2025-09-17 11:47:38 - 
    select
        i1_0.id_apprenant,
        i1_0.id_inscription,
        i1_0.date_inscription,
        i1_0.droit_inscription,
        i1_0.id_formation,
        i1_0.statut 
    from
        inscription i1_0 
    where
        i1_0.id_apprenant=?
2025-09-17 11:47:38 - 
    select
        i1_0.id_apprenant,
        i1_0.id_inscription,
        i1_0.date_inscription,
        i1_0.droit_inscription,
        i1_0.id_formation,
        i1_0.statut 
    from
        inscription i1_0 
    where
        i1_0.id_apprenant=?
2025-09-17 11:47:38 - Completed 200 OK
2025-09-17 12:01:54 - GET "/api/apprenants", parameters={}
2025-09-17 12:01:54 - Mapped to com.example.G_apprenant.controller.ApprenantController#getAll()
2025-09-17 12:01:54 - 
    select
        a1_0.id_apprenant,
        a1_0.adresse,
        a1_0.cin,
        a1_0.date_naissance,
        a1_0.email,
        a1_0.nom,
        a1_0.prenom,
        a1_0.telephone 
    from
        apprenant a1_0
2025-09-17 12:01:54 - Using 'application/json', given [application/json] and supported [application/json]
2025-09-17 12:01:54 - Writing [[Apprenant{idApprenant=1, nom='RAKOTO', prenom='Jean', email='jean.rakoto@email.com', cin='123456789 (truncated)...]
2025-09-17 12:01:54 - 
    select
        i1_0.id_apprenant,
        i1_0.id_inscription,
        i1_0.date_inscription,
        i1_0.droit_inscription,
        i1_0.id_formation,
        i1_0.statut 
    from
        inscription i1_0 
    where
        i1_0.id_apprenant=?
2025-09-17 12:01:54 - 
    select
        p1_0.id_inscription,
        p1_0.id_paiement,
        p1_0.date_paiement,
        p1_0.mode_paiement,
        p1_0.module,
        p1_0.montant 
    from
        paiement p1_0 
    where
        p1_0.id_inscription=?
2025-09-17 12:01:54 - 
    select
        f1_0.id_formation,
        f1_0.description,
        f1_0.duree,
        f1_0.frais,
        f1_0.nom 
    from
        formation f1_0 
    where
        f1_0.id_formation=?
2025-09-17 12:01:54 - 
    select
        p1_0.id_inscription,
        p1_0.id_paiement,
        p1_0.date_paiement,
        p1_0.mode_paiement,
        p1_0.module,
        p1_0.montant 
    from
        paiement p1_0 
    where
        p1_0.id_inscription=?
2025-09-17 12:01:54 - 
    select
        f1_0.id_formation,
        f1_0.description,
        f1_0.duree,
        f1_0.frais,
        f1_0.nom 
    from
        formation f1_0 
    where
        f1_0.id_formation=?
2025-09-17 12:01:54 - 
    select
        i1_0.id_apprenant,
        i1_0.id_inscription,
        i1_0.date_inscription,
        i1_0.droit_inscription,
        i1_0.id_formation,
        i1_0.statut 
    from
        inscription i1_0 
    where
        i1_0.id_apprenant=?
2025-09-17 12:01:54 - 
    select
        p1_0.id_inscription,
        p1_0.id_paiement,
        p1_0.date_paiement,
        p1_0.mode_paiement,
        p1_0.module,
        p1_0.montant 
    from
        paiement p1_0 
    where
        p1_0.id_inscription=?
2025-09-17 12:01:54 - 
    select
        i1_0.id_apprenant,
        i1_0.id_inscription,
        i1_0.date_inscription,
        i1_0.droit_inscription,
        i1_0.id_formation,
        i1_0.statut 
    from
        inscription i1_0 
    where
        i1_0.id_apprenant=?
2025-09-17 12:01:54 - 
    select
        p1_0.id_inscription,
        p1_0.id_paiement,
        p1_0.date_paiement,
        p1_0.mode_paiement,
        p1_0.module,
        p1_0.montant 
    from
        paiement p1_0 
    where
        p1_0.id_inscription=?
2025-09-17 12:01:54 - 
    select
        f1_0.id_formation,
        f1_0.description,
        f1_0.duree,
        f1_0.frais,
        f1_0.nom 
    from
        formation f1_0 
    where
        f1_0.id_formation=?
2025-09-17 12:01:54 - 
    select
        i1_0.id_apprenant,
        i1_0.id_inscription,
        i1_0.date_inscription,
        i1_0.droit_inscription,
        i1_0.id_formation,
        i1_0.statut 
    from
        inscription i1_0 
    where
        i1_0.id_apprenant=?
2025-09-17 12:01:54 - 
    select
        p1_0.id_inscription,
        p1_0.id_paiement,
        p1_0.date_paiement,
        p1_0.mode_paiement,
        p1_0.module,
        p1_0.montant 
    from
        paiement p1_0 
    where
        p1_0.id_inscription=?
2025-09-17 12:01:54 - 
    select
        f1_0.id_formation,
        f1_0.description,
        f1_0.duree,
        f1_0.frais,
        f1_0.nom 
    from
        formation f1_0 
    where
        f1_0.id_formation=?
2025-09-17 12:01:54 - 
    select
        i1_0.id_apprenant,
        i1_0.id_inscription,
        i1_0.date_inscription,
        i1_0.droit_inscription,
        i1_0.id_formation,
        i1_0.statut 
    from
        inscription i1_0 
    where
        i1_0.id_apprenant=?
2025-09-17 12:01:54 - 
    select
        p1_0.id_inscription,
        p1_0.id_paiement,
        p1_0.date_paiement,
        p1_0.mode_paiement,
        p1_0.module,
        p1_0.montant 
    from
        paiement p1_0 
    where
        p1_0.id_inscription=?
2025-09-17 12:01:54 - 
    select
        f1_0.id_formation,
        f1_0.description,
        f1_0.duree,
        f1_0.frais,
        f1_0.nom 
    from
        formation f1_0 
    where
        f1_0.id_formation=?
2025-09-17 12:01:54 - 
    select
        i1_0.id_apprenant,
        i1_0.id_inscription,
        i1_0.date_inscription,
        i1_0.droit_inscription,
        i1_0.id_formation,
        i1_0.statut 
    from
        inscription i1_0 
    where
        i1_0.id_apprenant=?
2025-09-17 12:01:54 - 
    select
        i1_0.id_apprenant,
        i1_0.id_inscription,
        i1_0.date_inscription,
        i1_0.droit_inscription,
        i1_0.id_formation,
        i1_0.statut 
    from
        inscription i1_0 
    where
        i1_0.id_apprenant=?
2025-09-17 12:01:54 - Completed 200 OK
2025-09-17 12:03:26 - GET "/api/apprenants", parameters={}
2025-09-17 12:03:26 - Mapped to com.example.G_apprenant.controller.ApprenantController#getAll()
2025-09-17 12:03:26 - 
    select
        a1_0.id_apprenant,
        a1_0.adresse,
        a1_0.cin,
        a1_0.date_naissance,
        a1_0.email,
        a1_0.nom,
        a1_0.prenom,
        a1_0.telephone 
    from
        apprenant a1_0
2025-09-17 12:03:26 - Using 'application/json', given [application/json] and supported [application/json]
2025-09-17 12:03:26 - Writing [[Apprenant{idApprenant=1, nom='RAKOTO', prenom='Jean', email='jean.rakoto@email.com', cin='123456789 (truncated)...]
2025-09-17 12:03:26 - 
    select
        i1_0.id_apprenant,
        i1_0.id_inscription,
        i1_0.date_inscription,
        i1_0.droit_inscription,
        i1_0.id_formation,
        i1_0.statut 
    from
        inscription i1_0 
    where
        i1_0.id_apprenant=?
2025-09-17 12:03:26 - 
    select
        p1_0.id_inscription,
        p1_0.id_paiement,
        p1_0.date_paiement,
        p1_0.mode_paiement,
        p1_0.module,
        p1_0.montant 
    from
        paiement p1_0 
    where
        p1_0.id_inscription=?
2025-09-17 12:03:26 - 
    select
        f1_0.id_formation,
        f1_0.description,
        f1_0.duree,
        f1_0.frais,
        f1_0.nom 
    from
        formation f1_0 
    where
        f1_0.id_formation=?
2025-09-17 12:03:26 - 
    select
        p1_0.id_inscription,
        p1_0.id_paiement,
        p1_0.date_paiement,
        p1_0.mode_paiement,
        p1_0.module,
        p1_0.montant 
    from
        paiement p1_0 
    where
        p1_0.id_inscription=?
2025-09-17 12:03:26 - 
    select
        f1_0.id_formation,
        f1_0.description,
        f1_0.duree,
        f1_0.frais,
        f1_0.nom 
    from
        formation f1_0 
    where
        f1_0.id_formation=?
2025-09-17 12:03:26 - 
    select
        i1_0.id_apprenant,
        i1_0.id_inscription,
        i1_0.date_inscription,
        i1_0.droit_inscription,
        i1_0.id_formation,
        i1_0.statut 
    from
        inscription i1_0 
    where
        i1_0.id_apprenant=?
2025-09-17 12:03:26 - 
    select
        p1_0.id_inscription,
        p1_0.id_paiement,
        p1_0.date_paiement,
        p1_0.mode_paiement,
        p1_0.module,
        p1_0.montant 
    from
        paiement p1_0 
    where
        p1_0.id_inscription=?
2025-09-17 12:03:26 - 
    select
        i1_0.id_apprenant,
        i1_0.id_inscription,
        i1_0.date_inscription,
        i1_0.droit_inscription,
        i1_0.id_formation,
        i1_0.statut 
    from
        inscription i1_0 
    where
        i1_0.id_apprenant=?
2025-09-17 12:03:26 - 
    select
        p1_0.id_inscription,
        p1_0.id_paiement,
        p1_0.date_paiement,
        p1_0.mode_paiement,
        p1_0.module,
        p1_0.montant 
    from
        paiement p1_0 
    where
        p1_0.id_inscription=?
2025-09-17 12:03:26 - 
    select
        f1_0.id_formation,
        f1_0.description,
        f1_0.duree,
        f1_0.frais,
        f1_0.nom 
    from
        formation f1_0 
    where
        f1_0.id_formation=?
2025-09-17 12:03:26 - 
    select
        i1_0.id_apprenant,
        i1_0.id_inscription,
        i1_0.date_inscription,
        i1_0.droit_inscription,
        i1_0.id_formation,
        i1_0.statut 
    from
        inscription i1_0 
    where
        i1_0.id_apprenant=?
2025-09-17 12:03:26 - 
    select
        p1_0.id_inscription,
        p1_0.id_paiement,
        p1_0.date_paiement,
        p1_0.mode_paiement,
        p1_0.module,
        p1_0.montant 
    from
        paiement p1_0 
    where
        p1_0.id_inscription=?
2025-09-17 12:03:26 - 
    select
        f1_0.id_formation,
        f1_0.description,
        f1_0.duree,
        f1_0.frais,
        f1_0.nom 
    from
        formation f1_0 
    where
        f1_0.id_formation=?
2025-09-17 12:03:26 - 
    select
        i1_0.id_apprenant,
        i1_0.id_inscription,
        i1_0.date_inscription,
        i1_0.droit_inscription,
        i1_0.id_formation,
        i1_0.statut 
    from
        inscription i1_0 
    where
        i1_0.id_apprenant=?
2025-09-17 12:03:26 - 
    select
        p1_0.id_inscription,
        p1_0.id_paiement,
        p1_0.date_paiement,
        p1_0.mode_paiement,
        p1_0.module,
        p1_0.montant 
    from
        paiement p1_0 
    where
        p1_0.id_inscription=?
2025-09-17 12:03:26 - 
    select
        f1_0.id_formation,
        f1_0.description,
        f1_0.duree,
        f1_0.frais,
        f1_0.nom 
    from
        formation f1_0 
    where
        f1_0.id_formation=?
2025-09-17 12:03:26 - 
    select
        i1_0.id_apprenant,
        i1_0.id_inscription,
        i1_0.date_inscription,
        i1_0.droit_inscription,
        i1_0.id_formation,
        i1_0.statut 
    from
        inscription i1_0 
    where
        i1_0.id_apprenant=?
2025-09-17 12:03:26 - 
    select
        i1_0.id_apprenant,
        i1_0.id_inscription,
        i1_0.date_inscription,
        i1_0.droit_inscription,
        i1_0.id_formation,
        i1_0.statut 
    from
        inscription i1_0 
    where
        i1_0.id_apprenant=?
2025-09-17 12:03:27 - Completed 200 OK
2025-09-17 12:03:38 - POST "/api/apprenants", parameters={}
2025-09-17 12:03:38 - Mapped to com.example.G_apprenant.controller.ApprenantController#create(ApprenantRequest)
2025-09-17 12:03:38 - Read "application/json;charset=UTF-8" to [com.example.G_apprenant.dto.ApprenantRequest@3c259b8f]
2025-09-17 12:03:38 - 
    insert 
    into
        apprenant
        (adresse, cin, date_naissance, email, nom, prenom, telephone) 
    values
        (?, ?, ?, ?, ?, ?, ?)
2025-09-17 12:03:38 - Using 'application/json', given [application/json] and supported [application/json]
2025-09-17 12:03:38 - Writing [Apprenant{idApprenant=8, nom='RAZAFY', prenom='Mialy', email='mialy.razafy@test.com', cin='301061523 (truncated)...]
2025-09-17 12:03:38 - Completed 201 CREATED
2025-09-17 12:06:53 - GET "/api/apprenants", parameters={}
2025-09-17 12:06:53 - Mapped to com.example.G_apprenant.controller.ApprenantController#getAll()
2025-09-17 12:06:53 - 
    select
        a1_0.id_apprenant,
        a1_0.adresse,
        a1_0.cin,
        a1_0.date_naissance,
        a1_0.email,
        a1_0.nom,
        a1_0.prenom,
        a1_0.telephone 
    from
        apprenant a1_0
2025-09-17 12:06:53 - Using 'application/json', given [application/json] and supported [application/json]
2025-09-17 12:06:53 - Writing [[Apprenant{idApprenant=1, nom='RAKOTO', prenom='Jean', email='jean.rakoto@email.com', cin='123456789 (truncated)...]
2025-09-17 12:06:53 - 
    select
        i1_0.id_apprenant,
        i1_0.id_inscription,
        i1_0.date_inscription,
        i1_0.droit_inscription,
        i1_0.id_formation,
        i1_0.statut 
    from
        inscription i1_0 
    where
        i1_0.id_apprenant=?
2025-09-17 12:06:53 - 
    select
        p1_0.id_inscription,
        p1_0.id_paiement,
        p1_0.date_paiement,
        p1_0.mode_paiement,
        p1_0.module,
        p1_0.montant 
    from
        paiement p1_0 
    where
        p1_0.id_inscription=?
2025-09-17 12:06:53 - 
    select
        f1_0.id_formation,
        f1_0.description,
        f1_0.duree,
        f1_0.frais,
        f1_0.nom 
    from
        formation f1_0 
    where
        f1_0.id_formation=?
2025-09-17 12:06:53 - 
    select
        p1_0.id_inscription,
        p1_0.id_paiement,
        p1_0.date_paiement,
        p1_0.mode_paiement,
        p1_0.module,
        p1_0.montant 
    from
        paiement p1_0 
    where
        p1_0.id_inscription=?
2025-09-17 12:06:53 - 
    select
        f1_0.id_formation,
        f1_0.description,
        f1_0.duree,
        f1_0.frais,
        f1_0.nom 
    from
        formation f1_0 
    where
        f1_0.id_formation=?
2025-09-17 12:06:53 - 
    select
        i1_0.id_apprenant,
        i1_0.id_inscription,
        i1_0.date_inscription,
        i1_0.droit_inscription,
        i1_0.id_formation,
        i1_0.statut 
    from
        inscription i1_0 
    where
        i1_0.id_apprenant=?
2025-09-17 12:06:53 - 
    select
        p1_0.id_inscription,
        p1_0.id_paiement,
        p1_0.date_paiement,
        p1_0.mode_paiement,
        p1_0.module,
        p1_0.montant 
    from
        paiement p1_0 
    where
        p1_0.id_inscription=?
2025-09-17 12:06:53 - 
    select
        i1_0.id_apprenant,
        i1_0.id_inscription,
        i1_0.date_inscription,
        i1_0.droit_inscription,
        i1_0.id_formation,
        i1_0.statut 
    from
        inscription i1_0 
    where
        i1_0.id_apprenant=?
2025-09-17 12:06:53 - 
    select
        p1_0.id_inscription,
        p1_0.id_paiement,
        p1_0.date_paiement,
        p1_0.mode_paiement,
        p1_0.module,
        p1_0.montant 
    from
        paiement p1_0 
    where
        p1_0.id_inscription=?
2025-09-17 12:06:53 - 
    select
        f1_0.id_formation,
        f1_0.description,
        f1_0.duree,
        f1_0.frais,
        f1_0.nom 
    from
        formation f1_0 
    where
        f1_0.id_formation=?
2025-09-17 12:06:53 - 
    select
        i1_0.id_apprenant,
        i1_0.id_inscription,
        i1_0.date_inscription,
        i1_0.droit_inscription,
        i1_0.id_formation,
        i1_0.statut 
    from
        inscription i1_0 
    where
        i1_0.id_apprenant=?
2025-09-17 12:06:53 - 
    select
        p1_0.id_inscription,
        p1_0.id_paiement,
        p1_0.date_paiement,
        p1_0.mode_paiement,
        p1_0.module,
        p1_0.montant 
    from
        paiement p1_0 
    where
        p1_0.id_inscription=?
2025-09-17 12:06:53 - 
    select
        f1_0.id_formation,
        f1_0.description,
        f1_0.duree,
        f1_0.frais,
        f1_0.nom 
    from
        formation f1_0 
    where
        f1_0.id_formation=?
2025-09-17 12:06:53 - 
    select
        i1_0.id_apprenant,
        i1_0.id_inscription,
        i1_0.date_inscription,
        i1_0.droit_inscription,
        i1_0.id_formation,
        i1_0.statut 
    from
        inscription i1_0 
    where
        i1_0.id_apprenant=?
2025-09-17 12:06:53 - 
    select
        p1_0.id_inscription,
        p1_0.id_paiement,
        p1_0.date_paiement,
        p1_0.mode_paiement,
        p1_0.module,
        p1_0.montant 
    from
        paiement p1_0 
    where
        p1_0.id_inscription=?
2025-09-17 12:06:53 - 
    select
        f1_0.id_formation,
        f1_0.description,
        f1_0.duree,
        f1_0.frais,
        f1_0.nom 
    from
        formation f1_0 
    where
        f1_0.id_formation=?
2025-09-17 12:06:53 - 
    select
        i1_0.id_apprenant,
        i1_0.id_inscription,
        i1_0.date_inscription,
        i1_0.droit_inscription,
        i1_0.id_formation,
        i1_0.statut 
    from
        inscription i1_0 
    where
        i1_0.id_apprenant=?
2025-09-17 12:06:53 - 
    select
        i1_0.id_apprenant,
        i1_0.id_inscription,
        i1_0.date_inscription,
        i1_0.droit_inscription,
        i1_0.id_formation,
        i1_0.statut 
    from
        inscription i1_0 
    where
        i1_0.id_apprenant=?
2025-09-17 12:06:53 - 
    select
        i1_0.id_apprenant,
        i1_0.id_inscription,
        i1_0.date_inscription,
        i1_0.droit_inscription,
        i1_0.id_formation,
        i1_0.statut 
    from
        inscription i1_0 
    where
        i1_0.id_apprenant=?
2025-09-17 12:06:53 - Completed 200 OK
2025-09-17 12:07:34 - OPTIONS "/api/apprenants/7", parameters={}
2025-09-17 12:07:34 - Mapped to com.example.G_apprenant.controller.ApprenantController#delete(Long)
2025-09-17 12:07:34 - Completed 200 OK
2025-09-17 12:07:34 - DELETE "/api/apprenants/7", parameters={}
2025-09-17 12:07:34 - Mapped to com.example.G_apprenant.controller.ApprenantController#delete(Long)
2025-09-17 12:07:34 - 
    select
        a1_0.id_apprenant,
        a1_0.adresse,
        a1_0.cin,
        a1_0.date_naissance,
        a1_0.email,
        a1_0.nom,
        a1_0.prenom,
        a1_0.telephone 
    from
        apprenant a1_0 
    where
        a1_0.id_apprenant=?
2025-09-17 12:07:35 - 
    select
        i1_0.id_apprenant,
        i1_0.id_inscription,
        i1_0.date_inscription,
        i1_0.droit_inscription,
        i1_0.id_formation,
        i1_0.statut 
    from
        inscription i1_0 
    where
        i1_0.id_apprenant=?
2025-09-17 12:07:35 - 
    delete 
    from
        apprenant 
    where
        id_apprenant=?
2025-09-17 12:07:35 - Using 'application/json', given [*/*] and supported [application/json, application/*+json]
2025-09-17 12:07:35 - Nothing to write: null body
2025-09-17 12:07:35 - Completed 204 NO_CONTENT
2025-09-17 12:07:35 - GET "/api/apprenants", parameters={}
2025-09-17 12:07:35 - Mapped to com.example.G_apprenant.controller.ApprenantController#getAll()
2025-09-17 12:07:35 - 
    select
        a1_0.id_apprenant,
        a1_0.adresse,
        a1_0.cin,
        a1_0.date_naissance,
        a1_0.email,
        a1_0.nom,
        a1_0.prenom,
        a1_0.telephone 
    from
        apprenant a1_0
2025-09-17 12:07:35 - Using 'application/json', given [application/json] and supported [application/json]
2025-09-17 12:07:35 - Writing [[Apprenant{idApprenant=1, nom='RAKOTO', prenom='Jean', email='jean.rakoto@email.com', cin='123456789 (truncated)...]
2025-09-17 12:07:35 - 
    select
        i1_0.id_apprenant,
        i1_0.id_inscription,
        i1_0.date_inscription,
        i1_0.droit_inscription,
        i1_0.id_formation,
        i1_0.statut 
    from
        inscription i1_0 
    where
        i1_0.id_apprenant=?
2025-09-17 12:07:35 - 
    select
        p1_0.id_inscription,
        p1_0.id_paiement,
        p1_0.date_paiement,
        p1_0.mode_paiement,
        p1_0.module,
        p1_0.montant 
    from
        paiement p1_0 
    where
        p1_0.id_inscription=?
2025-09-17 12:07:35 - 
    select
        f1_0.id_formation,
        f1_0.description,
        f1_0.duree,
        f1_0.frais,
        f1_0.nom 
    from
        formation f1_0 
    where
        f1_0.id_formation=?
2025-09-17 12:07:35 - 
    select
        p1_0.id_inscription,
        p1_0.id_paiement,
        p1_0.date_paiement,
        p1_0.mode_paiement,
        p1_0.module,
        p1_0.montant 
    from
        paiement p1_0 
    where
        p1_0.id_inscription=?
2025-09-17 12:07:35 - 
    select
        f1_0.id_formation,
        f1_0.description,
        f1_0.duree,
        f1_0.frais,
        f1_0.nom 
    from
        formation f1_0 
    where
        f1_0.id_formation=?
2025-09-17 12:07:35 - 
    select
        i1_0.id_apprenant,
        i1_0.id_inscription,
        i1_0.date_inscription,
        i1_0.droit_inscription,
        i1_0.id_formation,
        i1_0.statut 
    from
        inscription i1_0 
    where
        i1_0.id_apprenant=?
2025-09-17 12:07:35 - 
    select
        p1_0.id_inscription,
        p1_0.id_paiement,
        p1_0.date_paiement,
        p1_0.mode_paiement,
        p1_0.module,
        p1_0.montant 
    from
        paiement p1_0 
    where
        p1_0.id_inscription=?
2025-09-17 12:07:35 - 
    select
        i1_0.id_apprenant,
        i1_0.id_inscription,
        i1_0.date_inscription,
        i1_0.droit_inscription,
        i1_0.id_formation,
        i1_0.statut 
    from
        inscription i1_0 
    where
        i1_0.id_apprenant=?
2025-09-17 12:07:35 - 
    select
        p1_0.id_inscription,
        p1_0.id_paiement,
        p1_0.date_paiement,
        p1_0.mode_paiement,
        p1_0.module,
        p1_0.montant 
    from
        paiement p1_0 
    where
        p1_0.id_inscription=?
2025-09-17 12:07:35 - 
    select
        f1_0.id_formation,
        f1_0.description,
        f1_0.duree,
        f1_0.frais,
        f1_0.nom 
    from
        formation f1_0 
    where
        f1_0.id_formation=?
2025-09-17 12:07:35 - 
    select
        i1_0.id_apprenant,
        i1_0.id_inscription,
        i1_0.date_inscription,
        i1_0.droit_inscription,
        i1_0.id_formation,
        i1_0.statut 
    from
        inscription i1_0 
    where
        i1_0.id_apprenant=?
2025-09-17 12:07:35 - 
    select
        p1_0.id_inscription,
        p1_0.id_paiement,
        p1_0.date_paiement,
        p1_0.mode_paiement,
        p1_0.module,
        p1_0.montant 
    from
        paiement p1_0 
    where
        p1_0.id_inscription=?
2025-09-17 12:07:35 - 
    select
        f1_0.id_formation,
        f1_0.description,
        f1_0.duree,
        f1_0.frais,
        f1_0.nom 
    from
        formation f1_0 
    where
        f1_0.id_formation=?
2025-09-17 12:07:35 - 
    select
        i1_0.id_apprenant,
        i1_0.id_inscription,
        i1_0.date_inscription,
        i1_0.droit_inscription,
        i1_0.id_formation,
        i1_0.statut 
    from
        inscription i1_0 
    where
        i1_0.id_apprenant=?
2025-09-17 12:07:35 - 
    select
        p1_0.id_inscription,
        p1_0.id_paiement,
        p1_0.date_paiement,
        p1_0.mode_paiement,
        p1_0.module,
        p1_0.montant 
    from
        paiement p1_0 
    where
        p1_0.id_inscription=?
2025-09-17 12:07:35 - 
    select
        f1_0.id_formation,
        f1_0.description,
        f1_0.duree,
        f1_0.frais,
        f1_0.nom 
    from
        formation f1_0 
    where
        f1_0.id_formation=?
2025-09-17 12:07:35 - 
    select
        i1_0.id_apprenant,
        i1_0.id_inscription,
        i1_0.date_inscription,
        i1_0.droit_inscription,
        i1_0.id_formation,
        i1_0.statut 
    from
        inscription i1_0 
    where
        i1_0.id_apprenant=?
2025-09-17 12:07:35 - 
    select
        i1_0.id_apprenant,
        i1_0.id_inscription,
        i1_0.date_inscription,
        i1_0.droit_inscription,
        i1_0.id_formation,
        i1_0.statut 
    from
        inscription i1_0 
    where
        i1_0.id_apprenant=?
2025-09-17 12:07:35 - Completed 200 OK
2025-09-17 12:07:47 - GET "/api/apprenants", parameters={}
2025-09-17 12:07:47 - Mapped to com.example.G_apprenant.controller.ApprenantController#getAll()
2025-09-17 12:07:47 - 
    select
        a1_0.id_apprenant,
        a1_0.adresse,
        a1_0.cin,
        a1_0.date_naissance,
        a1_0.email,
        a1_0.nom,
        a1_0.prenom,
        a1_0.telephone 
    from
        apprenant a1_0
2025-09-17 12:07:47 - Using 'application/json', given [*/*] and supported [application/json]
2025-09-17 12:07:47 - Writing [[Apprenant{idApprenant=1, nom='RAKOTO', prenom='Jean', email='jean.rakoto@email.com', cin='123456789 (truncated)...]
2025-09-17 12:07:47 - 
    select
        i1_0.id_apprenant,
        i1_0.id_inscription,
        i1_0.date_inscription,
        i1_0.droit_inscription,
        i1_0.id_formation,
        i1_0.statut 
    from
        inscription i1_0 
    where
        i1_0.id_apprenant=?
2025-09-17 12:07:47 - 
    select
        p1_0.id_inscription,
        p1_0.id_paiement,
        p1_0.date_paiement,
        p1_0.mode_paiement,
        p1_0.module,
        p1_0.montant 
    from
        paiement p1_0 
    where
        p1_0.id_inscription=?
2025-09-17 12:07:47 - 
    select
        f1_0.id_formation,
        f1_0.description,
        f1_0.duree,
        f1_0.frais,
        f1_0.nom 
    from
        formation f1_0 
    where
        f1_0.id_formation=?
2025-09-17 12:07:47 - 
    select
        p1_0.id_inscription,
        p1_0.id_paiement,
        p1_0.date_paiement,
        p1_0.mode_paiement,
        p1_0.module,
        p1_0.montant 
    from
        paiement p1_0 
    where
        p1_0.id_inscription=?
2025-09-17 12:07:47 - 
    select
        f1_0.id_formation,
        f1_0.description,
        f1_0.duree,
        f1_0.frais,
        f1_0.nom 
    from
        formation f1_0 
    where
        f1_0.id_formation=?
2025-09-17 12:07:47 - 
    select
        i1_0.id_apprenant,
        i1_0.id_inscription,
        i1_0.date_inscription,
        i1_0.droit_inscription,
        i1_0.id_formation,
        i1_0.statut 
    from
        inscription i1_0 
    where
        i1_0.id_apprenant=?
2025-09-17 12:07:47 - 
    select
        p1_0.id_inscription,
        p1_0.id_paiement,
        p1_0.date_paiement,
        p1_0.mode_paiement,
        p1_0.module,
        p1_0.montant 
    from
        paiement p1_0 
    where
        p1_0.id_inscription=?
2025-09-17 12:07:47 - 
    select
        i1_0.id_apprenant,
        i1_0.id_inscription,
        i1_0.date_inscription,
        i1_0.droit_inscription,
        i1_0.id_formation,
        i1_0.statut 
    from
        inscription i1_0 
    where
        i1_0.id_apprenant=?
2025-09-17 12:07:47 - 
    select
        p1_0.id_inscription,
        p1_0.id_paiement,
        p1_0.date_paiement,
        p1_0.mode_paiement,
        p1_0.module,
        p1_0.montant 
    from
        paiement p1_0 
    where
        p1_0.id_inscription=?
2025-09-17 12:07:47 - 
    select
        f1_0.id_formation,
        f1_0.description,
        f1_0.duree,
        f1_0.frais,
        f1_0.nom 
    from
        formation f1_0 
    where
        f1_0.id_formation=?
2025-09-17 12:07:47 - 
    select
        i1_0.id_apprenant,
        i1_0.id_inscription,
        i1_0.date_inscription,
        i1_0.droit_inscription,
        i1_0.id_formation,
        i1_0.statut 
    from
        inscription i1_0 
    where
        i1_0.id_apprenant=?
2025-09-17 12:07:47 - 
    select
        p1_0.id_inscription,
        p1_0.id_paiement,
        p1_0.date_paiement,
        p1_0.mode_paiement,
        p1_0.module,
        p1_0.montant 
    from
        paiement p1_0 
    where
        p1_0.id_inscription=?
2025-09-17 12:07:47 - 
    select
        f1_0.id_formation,
        f1_0.description,
        f1_0.duree,
        f1_0.frais,
        f1_0.nom 
    from
        formation f1_0 
    where
        f1_0.id_formation=?
2025-09-17 12:07:47 - 
    select
        i1_0.id_apprenant,
        i1_0.id_inscription,
        i1_0.date_inscription,
        i1_0.droit_inscription,
        i1_0.id_formation,
        i1_0.statut 
    from
        inscription i1_0 
    where
        i1_0.id_apprenant=?
2025-09-17 12:07:47 - 
    select
        p1_0.id_inscription,
        p1_0.id_paiement,
        p1_0.date_paiement,
        p1_0.mode_paiement,
        p1_0.module,
        p1_0.montant 
    from
        paiement p1_0 
    where
        p1_0.id_inscription=?
2025-09-17 12:07:47 - 
    select
        f1_0.id_formation,
        f1_0.description,
        f1_0.duree,
        f1_0.frais,
        f1_0.nom 
    from
        formation f1_0 
    where
        f1_0.id_formation=?
2025-09-17 12:07:47 - 
    select
        i1_0.id_apprenant,
        i1_0.id_inscription,
        i1_0.date_inscription,
        i1_0.droit_inscription,
        i1_0.id_formation,
        i1_0.statut 
    from
        inscription i1_0 
    where
        i1_0.id_apprenant=?
2025-09-17 12:07:47 - 
    select
        i1_0.id_apprenant,
        i1_0.id_inscription,
        i1_0.date_inscription,
        i1_0.droit_inscription,
        i1_0.id_formation,
        i1_0.statut 
    from
        inscription i1_0 
    where
        i1_0.id_apprenant=?
2025-09-17 12:07:47 - Completed 200 OK
2025-09-17 12:09:18 - OPTIONS "/api/apprenants", parameters={}
2025-09-17 12:09:18 - Mapped to com.example.G_apprenant.controller.ApprenantController#create(ApprenantRequest)
2025-09-17 12:09:18 - Completed 200 OK
2025-09-17 12:09:19 - POST "/api/apprenants", parameters={}
2025-09-17 12:09:19 - Mapped to com.example.G_apprenant.controller.ApprenantController#create(ApprenantRequest)
2025-09-17 12:09:19 - Read "application/json;charset=UTF-8" to [com.example.G_apprenant.dto.ApprenantRequest@1c602920]
2025-09-17 12:09:19 - 
    insert 
    into
        apprenant
        (adresse, cin, date_naissance, email, nom, prenom, telephone) 
    values
        (?, ?, ?, ?, ?, ?, ?)
2025-09-17 12:09:19 - Using 'application/json', given [application/json] and supported [application/json]
2025-09-17 12:09:19 - Writing [Apprenant{idApprenant=9, nom='dieu donne', prenom='fandresena', email='rafandresenadieudonne@gmail.c (truncated)...]
2025-09-17 12:09:19 - Completed 201 CREATED
2025-09-17 12:09:19 - GET "/api/apprenants", parameters={}
2025-09-17 12:09:19 - Mapped to com.example.G_apprenant.controller.ApprenantController#getAll()
2025-09-17 12:09:19 - 
    select
        a1_0.id_apprenant,
        a1_0.adresse,
        a1_0.cin,
        a1_0.date_naissance,
        a1_0.email,
        a1_0.nom,
        a1_0.prenom,
        a1_0.telephone 
    from
        apprenant a1_0
2025-09-17 12:09:19 - Using 'application/json', given [application/json] and supported [application/json]
2025-09-17 12:09:19 - Writing [[Apprenant{idApprenant=1, nom='RAKOTO', prenom='Jean', email='jean.rakoto@email.com', cin='123456789 (truncated)...]
2025-09-17 12:09:19 - 
    select
        i1_0.id_apprenant,
        i1_0.id_inscription,
        i1_0.date_inscription,
        i1_0.droit_inscription,
        i1_0.id_formation,
        i1_0.statut 
    from
        inscription i1_0 
    where
        i1_0.id_apprenant=?
2025-09-17 12:09:19 - 
    select
        p1_0.id_inscription,
        p1_0.id_paiement,
        p1_0.date_paiement,
        p1_0.mode_paiement,
        p1_0.module,
        p1_0.montant 
    from
        paiement p1_0 
    where
        p1_0.id_inscription=?
2025-09-17 12:09:19 - 
    select
        f1_0.id_formation,
        f1_0.description,
        f1_0.duree,
        f1_0.frais,
        f1_0.nom 
    from
        formation f1_0 
    where
        f1_0.id_formation=?
2025-09-17 12:09:19 - 
    select
        p1_0.id_inscription,
        p1_0.id_paiement,
        p1_0.date_paiement,
        p1_0.mode_paiement,
        p1_0.module,
        p1_0.montant 
    from
        paiement p1_0 
    where
        p1_0.id_inscription=?
2025-09-17 12:09:19 - 
    select
        f1_0.id_formation,
        f1_0.description,
        f1_0.duree,
        f1_0.frais,
        f1_0.nom 
    from
        formation f1_0 
    where
        f1_0.id_formation=?
2025-09-17 12:09:19 - 
    select
        i1_0.id_apprenant,
        i1_0.id_inscription,
        i1_0.date_inscription,
        i1_0.droit_inscription,
        i1_0.id_formation,
        i1_0.statut 
    from
        inscription i1_0 
    where
        i1_0.id_apprenant=?
2025-09-17 12:09:19 - 
    select
        p1_0.id_inscription,
        p1_0.id_paiement,
        p1_0.date_paiement,
        p1_0.mode_paiement,
        p1_0.module,
        p1_0.montant 
    from
        paiement p1_0 
    where
        p1_0.id_inscription=?
2025-09-17 12:09:19 - 
    select
        i1_0.id_apprenant,
        i1_0.id_inscription,
        i1_0.date_inscription,
        i1_0.droit_inscription,
        i1_0.id_formation,
        i1_0.statut 
    from
        inscription i1_0 
    where
        i1_0.id_apprenant=?
2025-09-17 12:09:19 - 
    select
        p1_0.id_inscription,
        p1_0.id_paiement,
        p1_0.date_paiement,
        p1_0.mode_paiement,
        p1_0.module,
        p1_0.montant 
    from
        paiement p1_0 
    where
        p1_0.id_inscription=?
2025-09-17 12:09:19 - 
    select
        f1_0.id_formation,
        f1_0.description,
        f1_0.duree,
        f1_0.frais,
        f1_0.nom 
    from
        formation f1_0 
    where
        f1_0.id_formation=?
2025-09-17 12:09:19 - 
    select
        i1_0.id_apprenant,
        i1_0.id_inscription,
        i1_0.date_inscription,
        i1_0.droit_inscription,
        i1_0.id_formation,
        i1_0.statut 
    from
        inscription i1_0 
    where
        i1_0.id_apprenant=?
2025-09-17 12:09:19 - 
    select
        p1_0.id_inscription,
        p1_0.id_paiement,
        p1_0.date_paiement,
        p1_0.mode_paiement,
        p1_0.module,
        p1_0.montant 
    from
        paiement p1_0 
    where
        p1_0.id_inscription=?
2025-09-17 12:09:19 - 
    select
        f1_0.id_formation,
        f1_0.description,
        f1_0.duree,
        f1_0.frais,
        f1_0.nom 
    from
        formation f1_0 
    where
        f1_0.id_formation=?
2025-09-17 12:09:19 - 
    select
        i1_0.id_apprenant,
        i1_0.id_inscription,
        i1_0.date_inscription,
        i1_0.droit_inscription,
        i1_0.id_formation,
        i1_0.statut 
    from
        inscription i1_0 
    where
        i1_0.id_apprenant=?
2025-09-17 12:09:19 - 
    select
        p1_0.id_inscription,
        p1_0.id_paiement,
        p1_0.date_paiement,
        p1_0.mode_paiement,
        p1_0.module,
        p1_0.montant 
    from
        paiement p1_0 
    where
        p1_0.id_inscription=?
2025-09-17 12:09:19 - 
    select
        f1_0.id_formation,
        f1_0.description,
        f1_0.duree,
        f1_0.frais,
        f1_0.nom 
    from
        formation f1_0 
    where
        f1_0.id_formation=?
2025-09-17 12:09:19 - 
    select
        i1_0.id_apprenant,
        i1_0.id_inscription,
        i1_0.date_inscription,
        i1_0.droit_inscription,
        i1_0.id_formation,
        i1_0.statut 
    from
        inscription i1_0 
    where
        i1_0.id_apprenant=?
2025-09-17 12:09:19 - 
    select
        i1_0.id_apprenant,
        i1_0.id_inscription,
        i1_0.date_inscription,
        i1_0.droit_inscription,
        i1_0.id_formation,
        i1_0.statut 
    from
        inscription i1_0 
    where
        i1_0.id_apprenant=?
2025-09-17 12:09:19 - 
    select
        i1_0.id_apprenant,
        i1_0.id_inscription,
        i1_0.date_inscription,
        i1_0.droit_inscription,
        i1_0.id_formation,
        i1_0.statut 
    from
        inscription i1_0 
    where
        i1_0.id_apprenant=?
2025-09-17 12:09:19 - Completed 200 OK
2025-09-17 12:14:27 - GET "/api/apprenants", parameters={}
2025-09-17 12:14:27 - Mapped to com.example.G_apprenant.controller.ApprenantController#getAll()
2025-09-17 12:14:27 - 
    select
        a1_0.id_apprenant,
        a1_0.adresse,
        a1_0.cin,
        a1_0.date_naissance,
        a1_0.email,
        a1_0.nom,
        a1_0.prenom,
        a1_0.telephone 
    from
        apprenant a1_0
2025-09-17 12:14:27 - Using 'application/json', given [application/json] and supported [application/json]
2025-09-17 12:14:27 - Writing [[Apprenant{idApprenant=1, nom='RAKOTO', prenom='Jean', email='jean.rakoto@email.com', cin='123456789 (truncated)...]
2025-09-17 12:14:27 - 
    select
        i1_0.id_apprenant,
        i1_0.id_inscription,
        i1_0.date_inscription,
        i1_0.droit_inscription,
        i1_0.id_formation,
        i1_0.statut 
    from
        inscription i1_0 
    where
        i1_0.id_apprenant=?
2025-09-17 12:14:27 - 
    select
        p1_0.id_inscription,
        p1_0.id_paiement,
        p1_0.date_paiement,
        p1_0.mode_paiement,
        p1_0.module,
        p1_0.montant 
    from
        paiement p1_0 
    where
        p1_0.id_inscription=?
2025-09-17 12:14:27 - 
    select
        f1_0.id_formation,
        f1_0.description,
        f1_0.duree,
        f1_0.frais,
        f1_0.nom 
    from
        formation f1_0 
    where
        f1_0.id_formation=?
2025-09-17 12:14:27 - 
    select
        p1_0.id_inscription,
        p1_0.id_paiement,
        p1_0.date_paiement,
        p1_0.mode_paiement,
        p1_0.module,
        p1_0.montant 
    from
        paiement p1_0 
    where
        p1_0.id_inscription=?
2025-09-17 12:14:27 - 
    select
        f1_0.id_formation,
        f1_0.description,
        f1_0.duree,
        f1_0.frais,
        f1_0.nom 
    from
        formation f1_0 
    where
        f1_0.id_formation=?
2025-09-17 12:14:27 - 
    select
        i1_0.id_apprenant,
        i1_0.id_inscription,
        i1_0.date_inscription,
        i1_0.droit_inscription,
        i1_0.id_formation,
        i1_0.statut 
    from
        inscription i1_0 
    where
        i1_0.id_apprenant=?
2025-09-17 12:14:27 - 
    select
        p1_0.id_inscription,
        p1_0.id_paiement,
        p1_0.date_paiement,
        p1_0.mode_paiement,
        p1_0.module,
        p1_0.montant 
    from
        paiement p1_0 
    where
        p1_0.id_inscription=?
2025-09-17 12:14:27 - 
    select
        i1_0.id_apprenant,
        i1_0.id_inscription,
        i1_0.date_inscription,
        i1_0.droit_inscription,
        i1_0.id_formation,
        i1_0.statut 
    from
        inscription i1_0 
    where
        i1_0.id_apprenant=?
2025-09-17 12:14:27 - 
    select
        p1_0.id_inscription,
        p1_0.id_paiement,
        p1_0.date_paiement,
        p1_0.mode_paiement,
        p1_0.module,
        p1_0.montant 
    from
        paiement p1_0 
    where
        p1_0.id_inscription=?
2025-09-17 12:14:27 - 
    select
        f1_0.id_formation,
        f1_0.description,
        f1_0.duree,
        f1_0.frais,
        f1_0.nom 
    from
        formation f1_0 
    where
        f1_0.id_formation=?
2025-09-17 12:14:27 - 
    select
        i1_0.id_apprenant,
        i1_0.id_inscription,
        i1_0.date_inscription,
        i1_0.droit_inscription,
        i1_0.id_formation,
        i1_0.statut 
    from
        inscription i1_0 
    where
        i1_0.id_apprenant=?
2025-09-17 12:14:27 - 
    select
        p1_0.id_inscription,
        p1_0.id_paiement,
        p1_0.date_paiement,
        p1_0.mode_paiement,
        p1_0.module,
        p1_0.montant 
    from
        paiement p1_0 
    where
        p1_0.id_inscription=?
2025-09-17 12:14:27 - 
    select
        f1_0.id_formation,
        f1_0.description,
        f1_0.duree,
        f1_0.frais,
        f1_0.nom 
    from
        formation f1_0 
    where
        f1_0.id_formation=?
2025-09-17 12:14:27 - 
    select
        i1_0.id_apprenant,
        i1_0.id_inscription,
        i1_0.date_inscription,
        i1_0.droit_inscription,
        i1_0.id_formation,
        i1_0.statut 
    from
        inscription i1_0 
    where
        i1_0.id_apprenant=?
2025-09-17 12:14:27 - 
    select
        p1_0.id_inscription,
        p1_0.id_paiement,
        p1_0.date_paiement,
        p1_0.mode_paiement,
        p1_0.module,
        p1_0.montant 
    from
        paiement p1_0 
    where
        p1_0.id_inscription=?
2025-09-17 12:14:27 - 
    select
        f1_0.id_formation,
        f1_0.description,
        f1_0.duree,
        f1_0.frais,
        f1_0.nom 
    from
        formation f1_0 
    where
        f1_0.id_formation=?
2025-09-17 12:14:27 - 
    select
        i1_0.id_apprenant,
        i1_0.id_inscription,
        i1_0.date_inscription,
        i1_0.droit_inscription,
        i1_0.id_formation,
        i1_0.statut 
    from
        inscription i1_0 
    where
        i1_0.id_apprenant=?
2025-09-17 12:14:27 - 
    select
        i1_0.id_apprenant,
        i1_0.id_inscription,
        i1_0.date_inscription,
        i1_0.droit_inscription,
        i1_0.id_formation,
        i1_0.statut 
    from
        inscription i1_0 
    where
        i1_0.id_apprenant=?
2025-09-17 12:14:27 - 
    select
        i1_0.id_apprenant,
        i1_0.id_inscription,
        i1_0.date_inscription,
        i1_0.droit_inscription,
        i1_0.id_formation,
        i1_0.statut 
    from
        inscription i1_0 
    where
        i1_0.id_apprenant=?
2025-09-17 12:14:27 - Completed 200 OK
2025-09-17 12:14:54 - GET "/api/apprenants", parameters={}
2025-09-17 12:14:54 - Mapped to com.example.G_apprenant.controller.ApprenantController#getAll()
2025-09-17 12:14:54 - 
    select
        a1_0.id_apprenant,
        a1_0.adresse,
        a1_0.cin,
        a1_0.date_naissance,
        a1_0.email,
        a1_0.nom,
        a1_0.prenom,
        a1_0.telephone 
    from
        apprenant a1_0
2025-09-17 12:14:54 - Using 'application/json', given [application/json] and supported [application/json]
2025-09-17 12:14:54 - Writing [[Apprenant{idApprenant=1, nom='RAKOTO', prenom='Jean', email='jean.rakoto@email.com', cin='123456789 (truncated)...]
2025-09-17 12:14:54 - 
    select
        i1_0.id_apprenant,
        i1_0.id_inscription,
        i1_0.date_inscription,
        i1_0.droit_inscription,
        i1_0.id_formation,
        i1_0.statut 
    from
        inscription i1_0 
    where
        i1_0.id_apprenant=?
2025-09-17 12:14:54 - 
    select
        p1_0.id_inscription,
        p1_0.id_paiement,
        p1_0.date_paiement,
        p1_0.mode_paiement,
        p1_0.module,
        p1_0.montant 
    from
        paiement p1_0 
    where
        p1_0.id_inscription=?
2025-09-17 12:14:54 - 
    select
        f1_0.id_formation,
        f1_0.description,
        f1_0.duree,
        f1_0.frais,
        f1_0.nom 
    from
        formation f1_0 
    where
        f1_0.id_formation=?
2025-09-17 12:14:54 - 
    select
        p1_0.id_inscription,
        p1_0.id_paiement,
        p1_0.date_paiement,
        p1_0.mode_paiement,
        p1_0.module,
        p1_0.montant 
    from
        paiement p1_0 
    where
        p1_0.id_inscription=?
2025-09-17 12:14:54 - 
    select
        f1_0.id_formation,
        f1_0.description,
        f1_0.duree,
        f1_0.frais,
        f1_0.nom 
    from
        formation f1_0 
    where
        f1_0.id_formation=?
2025-09-17 12:14:54 - 
    select
        i1_0.id_apprenant,
        i1_0.id_inscription,
        i1_0.date_inscription,
        i1_0.droit_inscription,
        i1_0.id_formation,
        i1_0.statut 
    from
        inscription i1_0 
    where
        i1_0.id_apprenant=?
2025-09-17 12:14:54 - 
    select
        p1_0.id_inscription,
        p1_0.id_paiement,
        p1_0.date_paiement,
        p1_0.mode_paiement,
        p1_0.module,
        p1_0.montant 
    from
        paiement p1_0 
    where
        p1_0.id_inscription=?
2025-09-17 12:14:54 - 
    select
        i1_0.id_apprenant,
        i1_0.id_inscription,
        i1_0.date_inscription,
        i1_0.droit_inscription,
        i1_0.id_formation,
        i1_0.statut 
    from
        inscription i1_0 
    where
        i1_0.id_apprenant=?
2025-09-17 12:14:54 - 
    select
        p1_0.id_inscription,
        p1_0.id_paiement,
        p1_0.date_paiement,
        p1_0.mode_paiement,
        p1_0.module,
        p1_0.montant 
    from
        paiement p1_0 
    where
        p1_0.id_inscription=?
2025-09-17 12:14:54 - 
    select
        f1_0.id_formation,
        f1_0.description,
        f1_0.duree,
        f1_0.frais,
        f1_0.nom 
    from
        formation f1_0 
    where
        f1_0.id_formation=?
2025-09-17 12:14:54 - 
    select
        i1_0.id_apprenant,
        i1_0.id_inscription,
        i1_0.date_inscription,
        i1_0.droit_inscription,
        i1_0.id_formation,
        i1_0.statut 
    from
        inscription i1_0 
    where
        i1_0.id_apprenant=?
2025-09-17 12:14:54 - 
    select
        p1_0.id_inscription,
        p1_0.id_paiement,
        p1_0.date_paiement,
        p1_0.mode_paiement,
        p1_0.module,
        p1_0.montant 
    from
        paiement p1_0 
    where
        p1_0.id_inscription=?
2025-09-17 12:14:54 - 
    select
        f1_0.id_formation,
        f1_0.description,
        f1_0.duree,
        f1_0.frais,
        f1_0.nom 
    from
        formation f1_0 
    where
        f1_0.id_formation=?
2025-09-17 12:14:54 - 
    select
        i1_0.id_apprenant,
        i1_0.id_inscription,
        i1_0.date_inscription,
        i1_0.droit_inscription,
        i1_0.id_formation,
        i1_0.statut 
    from
        inscription i1_0 
    where
        i1_0.id_apprenant=?
2025-09-17 12:14:54 - 
    select
        p1_0.id_inscription,
        p1_0.id_paiement,
        p1_0.date_paiement,
        p1_0.mode_paiement,
        p1_0.module,
        p1_0.montant 
    from
        paiement p1_0 
    where
        p1_0.id_inscription=?
2025-09-17 12:14:54 - 
    select
        f1_0.id_formation,
        f1_0.description,
        f1_0.duree,
        f1_0.frais,
        f1_0.nom 
    from
        formation f1_0 
    where
        f1_0.id_formation=?
2025-09-17 12:14:54 - 
    select
        i1_0.id_apprenant,
        i1_0.id_inscription,
        i1_0.date_inscription,
        i1_0.droit_inscription,
        i1_0.id_formation,
        i1_0.statut 
    from
        inscription i1_0 
    where
        i1_0.id_apprenant=?
2025-09-17 12:14:54 - 
    select
        i1_0.id_apprenant,
        i1_0.id_inscription,
        i1_0.date_inscription,
        i1_0.droit_inscription,
        i1_0.id_formation,
        i1_0.statut 
    from
        inscription i1_0 
    where
        i1_0.id_apprenant=?
2025-09-17 12:14:54 - 
    select
        i1_0.id_apprenant,
        i1_0.id_inscription,
        i1_0.date_inscription,
        i1_0.droit_inscription,
        i1_0.id_formation,
        i1_0.statut 
    from
        inscription i1_0 
    where
        i1_0.id_apprenant=?
2025-09-17 12:14:54 - Completed 200 OK
2025-09-17 12:15:00 - HEAD "/api/apprenants", parameters={}
2025-09-17 12:15:00 - Mapped to com.example.G_apprenant.controller.ApprenantController#getAll()
2025-09-17 12:15:00 - 
    select
        a1_0.id_apprenant,
        a1_0.adresse,
        a1_0.cin,
        a1_0.date_naissance,
        a1_0.email,
        a1_0.nom,
        a1_0.prenom,
        a1_0.telephone 
    from
        apprenant a1_0
2025-09-17 12:15:00 - Using 'application/json', given [*/*] and supported [application/json]
2025-09-17 12:15:00 - Writing [[Apprenant{idApprenant=1, nom='RAKOTO', prenom='Jean', email='jean.rakoto@email.com', cin='123456789 (truncated)...]
2025-09-17 12:15:00 - 
    select
        i1_0.id_apprenant,
        i1_0.id_inscription,
        i1_0.date_inscription,
        i1_0.droit_inscription,
        i1_0.id_formation,
        i1_0.statut 
    from
        inscription i1_0 
    where
        i1_0.id_apprenant=?
2025-09-17 12:15:00 - 
    select
        p1_0.id_inscription,
        p1_0.id_paiement,
        p1_0.date_paiement,
        p1_0.mode_paiement,
        p1_0.module,
        p1_0.montant 
    from
        paiement p1_0 
    where
        p1_0.id_inscription=?
2025-09-17 12:15:00 - 
    select
        f1_0.id_formation,
        f1_0.description,
        f1_0.duree,
        f1_0.frais,
        f1_0.nom 
    from
        formation f1_0 
    where
        f1_0.id_formation=?
2025-09-17 12:15:00 - 
    select
        p1_0.id_inscription,
        p1_0.id_paiement,
        p1_0.date_paiement,
        p1_0.mode_paiement,
        p1_0.module,
        p1_0.montant 
    from
        paiement p1_0 
    where
        p1_0.id_inscription=?
2025-09-17 12:15:00 - 
    select
        f1_0.id_formation,
        f1_0.description,
        f1_0.duree,
        f1_0.frais,
        f1_0.nom 
    from
        formation f1_0 
    where
        f1_0.id_formation=?
2025-09-17 12:15:00 - 
    select
        i1_0.id_apprenant,
        i1_0.id_inscription,
        i1_0.date_inscription,
        i1_0.droit_inscription,
        i1_0.id_formation,
        i1_0.statut 
    from
        inscription i1_0 
    where
        i1_0.id_apprenant=?
2025-09-17 12:15:00 - 
    select
        p1_0.id_inscription,
        p1_0.id_paiement,
        p1_0.date_paiement,
        p1_0.mode_paiement,
        p1_0.module,
        p1_0.montant 
    from
        paiement p1_0 
    where
        p1_0.id_inscription=?
2025-09-17 12:15:00 - 
    select
        i1_0.id_apprenant,
        i1_0.id_inscription,
        i1_0.date_inscription,
        i1_0.droit_inscription,
        i1_0.id_formation,
        i1_0.statut 
    from
        inscription i1_0 
    where
        i1_0.id_apprenant=?
2025-09-17 12:15:00 - 
    select
        p1_0.id_inscription,
        p1_0.id_paiement,
        p1_0.date_paiement,
        p1_0.mode_paiement,
        p1_0.module,
        p1_0.montant 
    from
        paiement p1_0 
    where
        p1_0.id_inscription=?
2025-09-17 12:15:00 - 
    select
        f1_0.id_formation,
        f1_0.description,
        f1_0.duree,
        f1_0.frais,
        f1_0.nom 
    from
        formation f1_0 
    where
        f1_0.id_formation=?
2025-09-17 12:15:00 - 
    select
        i1_0.id_apprenant,
        i1_0.id_inscription,
        i1_0.date_inscription,
        i1_0.droit_inscription,
        i1_0.id_formation,
        i1_0.statut 
    from
        inscription i1_0 
    where
        i1_0.id_apprenant=?
2025-09-17 12:15:00 - 
    select
        p1_0.id_inscription,
        p1_0.id_paiement,
        p1_0.date_paiement,
        p1_0.mode_paiement,
        p1_0.module,
        p1_0.montant 
    from
        paiement p1_0 
    where
        p1_0.id_inscription=?
2025-09-17 12:15:00 - 
    select
        f1_0.id_formation,
        f1_0.description,
        f1_0.duree,
        f1_0.frais,
        f1_0.nom 
    from
        formation f1_0 
    where
        f1_0.id_formation=?
2025-09-17 12:15:00 - 
    select
        i1_0.id_apprenant,
        i1_0.id_inscription,
        i1_0.date_inscription,
        i1_0.droit_inscription,
        i1_0.id_formation,
        i1_0.statut 
    from
        inscription i1_0 
    where
        i1_0.id_apprenant=?
2025-09-17 12:15:00 - 
    select
        p1_0.id_inscription,
        p1_0.id_paiement,
        p1_0.date_paiement,
        p1_0.mode_paiement,
        p1_0.module,
        p1_0.montant 
    from
        paiement p1_0 
    where
        p1_0.id_inscription=?
2025-09-17 12:15:00 - 
    select
        f1_0.id_formation,
        f1_0.description,
        f1_0.duree,
        f1_0.frais,
        f1_0.nom 
    from
        formation f1_0 
    where
        f1_0.id_formation=?
2025-09-17 12:15:00 - 
    select
        i1_0.id_apprenant,
        i1_0.id_inscription,
        i1_0.date_inscription,
        i1_0.droit_inscription,
        i1_0.id_formation,
        i1_0.statut 
    from
        inscription i1_0 
    where
        i1_0.id_apprenant=?
2025-09-17 12:15:00 - 
    select
        i1_0.id_apprenant,
        i1_0.id_inscription,
        i1_0.date_inscription,
        i1_0.droit_inscription,
        i1_0.id_formation,
        i1_0.statut 
    from
        inscription i1_0 
    where
        i1_0.id_apprenant=?
2025-09-17 12:15:00 - 
    select
        i1_0.id_apprenant,
        i1_0.id_inscription,
        i1_0.date_inscription,
        i1_0.droit_inscription,
        i1_0.id_formation,
        i1_0.statut 
    from
        inscription i1_0 
    where
        i1_0.id_apprenant=?
2025-09-17 12:15:00 - Completed 200 OK
2025-09-17 12:15:52 - GET "/api/apprenants", parameters={}
2025-09-17 12:15:52 - Mapped to com.example.G_apprenant.controller.ApprenantController#getAll()
2025-09-17 12:15:52 - 
    select
        a1_0.id_apprenant,
        a1_0.adresse,
        a1_0.cin,
        a1_0.date_naissance,
        a1_0.email,
        a1_0.nom,
        a1_0.prenom,
        a1_0.telephone 
    from
        apprenant a1_0
2025-09-17 12:15:52 - Using 'application/json', given [application/json] and supported [application/json]
2025-09-17 12:15:52 - Writing [[Apprenant{idApprenant=1, nom='RAKOTO', prenom='Jean', email='jean.rakoto@email.com', cin='123456789 (truncated)...]
2025-09-17 12:15:52 - 
    select
        i1_0.id_apprenant,
        i1_0.id_inscription,
        i1_0.date_inscription,
        i1_0.droit_inscription,
        i1_0.id_formation,
        i1_0.statut 
    from
        inscription i1_0 
    where
        i1_0.id_apprenant=?
2025-09-17 12:15:52 - 
    select
        p1_0.id_inscription,
        p1_0.id_paiement,
        p1_0.date_paiement,
        p1_0.mode_paiement,
        p1_0.module,
        p1_0.montant 
    from
        paiement p1_0 
    where
        p1_0.id_inscription=?
2025-09-17 12:15:52 - 
    select
        f1_0.id_formation,
        f1_0.description,
        f1_0.duree,
        f1_0.frais,
        f1_0.nom 
    from
        formation f1_0 
    where
        f1_0.id_formation=?
2025-09-17 12:15:52 - 
    select
        p1_0.id_inscription,
        p1_0.id_paiement,
        p1_0.date_paiement,
        p1_0.mode_paiement,
        p1_0.module,
        p1_0.montant 
    from
        paiement p1_0 
    where
        p1_0.id_inscription=?
2025-09-17 12:15:52 - 
    select
        f1_0.id_formation,
        f1_0.description,
        f1_0.duree,
        f1_0.frais,
        f1_0.nom 
    from
        formation f1_0 
    where
        f1_0.id_formation=?
2025-09-17 12:15:53 - 
    select
        i1_0.id_apprenant,
        i1_0.id_inscription,
        i1_0.date_inscription,
        i1_0.droit_inscription,
        i1_0.id_formation,
        i1_0.statut 
    from
        inscription i1_0 
    where
        i1_0.id_apprenant=?
2025-09-17 12:15:53 - 
    select
        p1_0.id_inscription,
        p1_0.id_paiement,
        p1_0.date_paiement,
        p1_0.mode_paiement,
        p1_0.module,
        p1_0.montant 
    from
        paiement p1_0 
    where
        p1_0.id_inscription=?
2025-09-17 12:15:53 - 
    select
        i1_0.id_apprenant,
        i1_0.id_inscription,
        i1_0.date_inscription,
        i1_0.droit_inscription,
        i1_0.id_formation,
        i1_0.statut 
    from
        inscription i1_0 
    where
        i1_0.id_apprenant=?
2025-09-17 12:15:53 - 
    select
        p1_0.id_inscription,
        p1_0.id_paiement,
        p1_0.date_paiement,
        p1_0.mode_paiement,
        p1_0.module,
        p1_0.montant 
    from
        paiement p1_0 
    where
        p1_0.id_inscription=?
2025-09-17 12:15:53 - 
    select
        f1_0.id_formation,
        f1_0.description,
        f1_0.duree,
        f1_0.frais,
        f1_0.nom 
    from
        formation f1_0 
    where
        f1_0.id_formation=?
2025-09-17 12:15:53 - 
    select
        i1_0.id_apprenant,
        i1_0.id_inscription,
        i1_0.date_inscription,
        i1_0.droit_inscription,
        i1_0.id_formation,
        i1_0.statut 
    from
        inscription i1_0 
    where
        i1_0.id_apprenant=?
2025-09-17 12:15:53 - 
    select
        p1_0.id_inscription,
        p1_0.id_paiement,
        p1_0.date_paiement,
        p1_0.mode_paiement,
        p1_0.module,
        p1_0.montant 
    from
        paiement p1_0 
    where
        p1_0.id_inscription=?
2025-09-17 12:15:53 - 
    select
        f1_0.id_formation,
        f1_0.description,
        f1_0.duree,
        f1_0.frais,
        f1_0.nom 
    from
        formation f1_0 
    where
        f1_0.id_formation=?
2025-09-17 12:15:53 - 
    select
        i1_0.id_apprenant,
        i1_0.id_inscription,
        i1_0.date_inscription,
        i1_0.droit_inscription,
        i1_0.id_formation,
        i1_0.statut 
    from
        inscription i1_0 
    where
        i1_0.id_apprenant=?
2025-09-17 12:15:53 - 
    select
        p1_0.id_inscription,
        p1_0.id_paiement,
        p1_0.date_paiement,
        p1_0.mode_paiement,
        p1_0.module,
        p1_0.montant 
    from
        paiement p1_0 
    where
        p1_0.id_inscription=?
2025-09-17 12:15:53 - 
    select
        f1_0.id_formation,
        f1_0.description,
        f1_0.duree,
        f1_0.frais,
        f1_0.nom 
    from
        formation f1_0 
    where
        f1_0.id_formation=?
2025-09-17 12:15:53 - 
    select
        i1_0.id_apprenant,
        i1_0.id_inscription,
        i1_0.date_inscription,
        i1_0.droit_inscription,
        i1_0.id_formation,
        i1_0.statut 
    from
        inscription i1_0 
    where
        i1_0.id_apprenant=?
2025-09-17 12:15:53 - 
    select
        i1_0.id_apprenant,
        i1_0.id_inscription,
        i1_0.date_inscription,
        i1_0.droit_inscription,
        i1_0.id_formation,
        i1_0.statut 
    from
        inscription i1_0 
    where
        i1_0.id_apprenant=?
2025-09-17 12:15:53 - 
    select
        i1_0.id_apprenant,
        i1_0.id_inscription,
        i1_0.date_inscription,
        i1_0.droit_inscription,
        i1_0.id_formation,
        i1_0.statut 
    from
        inscription i1_0 
    where
        i1_0.id_apprenant=?
2025-09-17 12:15:53 - Completed 200 OK
2025-09-17 12:16:54 - GET "/api/apprenants", parameters={}
2025-09-17 12:16:54 - Mapped to com.example.G_apprenant.controller.ApprenantController#getAll()
2025-09-17 12:16:54 - 
    select
        a1_0.id_apprenant,
        a1_0.adresse,
        a1_0.cin,
        a1_0.date_naissance,
        a1_0.email,
        a1_0.nom,
        a1_0.prenom,
        a1_0.telephone 
    from
        apprenant a1_0
2025-09-17 12:16:54 - Using 'application/json', given [application/json] and supported [application/json]
2025-09-17 12:16:54 - Writing [[Apprenant{idApprenant=1, nom='RAKOTO', prenom='Jean', email='jean.rakoto@email.com', cin='123456789 (truncated)...]
2025-09-17 12:16:54 - 
    select
        i1_0.id_apprenant,
        i1_0.id_inscription,
        i1_0.date_inscription,
        i1_0.droit_inscription,
        i1_0.id_formation,
        i1_0.statut 
    from
        inscription i1_0 
    where
        i1_0.id_apprenant=?
2025-09-17 12:16:54 - 
    select
        p1_0.id_inscription,
        p1_0.id_paiement,
        p1_0.date_paiement,
        p1_0.mode_paiement,
        p1_0.module,
        p1_0.montant 
    from
        paiement p1_0 
    where
        p1_0.id_inscription=?
2025-09-17 12:16:54 - 
    select
        f1_0.id_formation,
        f1_0.description,
        f1_0.duree,
        f1_0.frais,
        f1_0.nom 
    from
        formation f1_0 
    where
        f1_0.id_formation=?
2025-09-17 12:16:54 - 
    select
        p1_0.id_inscription,
        p1_0.id_paiement,
        p1_0.date_paiement,
        p1_0.mode_paiement,
        p1_0.module,
        p1_0.montant 
    from
        paiement p1_0 
    where
        p1_0.id_inscription=?
2025-09-17 12:16:54 - 
    select
        f1_0.id_formation,
        f1_0.description,
        f1_0.duree,
        f1_0.frais,
        f1_0.nom 
    from
        formation f1_0 
    where
        f1_0.id_formation=?
2025-09-17 12:16:54 - 
    select
        i1_0.id_apprenant,
        i1_0.id_inscription,
        i1_0.date_inscription,
        i1_0.droit_inscription,
        i1_0.id_formation,
        i1_0.statut 
    from
        inscription i1_0 
    where
        i1_0.id_apprenant=?
2025-09-17 12:16:54 - 
    select
        p1_0.id_inscription,
        p1_0.id_paiement,
        p1_0.date_paiement,
        p1_0.mode_paiement,
        p1_0.module,
        p1_0.montant 
    from
        paiement p1_0 
    where
        p1_0.id_inscription=?
2025-09-17 12:16:54 - 
    select
        i1_0.id_apprenant,
        i1_0.id_inscription,
        i1_0.date_inscription,
        i1_0.droit_inscription,
        i1_0.id_formation,
        i1_0.statut 
    from
        inscription i1_0 
    where
        i1_0.id_apprenant=?
2025-09-17 12:16:54 - 
    select
        p1_0.id_inscription,
        p1_0.id_paiement,
        p1_0.date_paiement,
        p1_0.mode_paiement,
        p1_0.module,
        p1_0.montant 
    from
        paiement p1_0 
    where
        p1_0.id_inscription=?
2025-09-17 12:16:54 - 
    select
        f1_0.id_formation,
        f1_0.description,
        f1_0.duree,
        f1_0.frais,
        f1_0.nom 
    from
        formation f1_0 
    where
        f1_0.id_formation=?
2025-09-17 12:16:54 - 
    select
        i1_0.id_apprenant,
        i1_0.id_inscription,
        i1_0.date_inscription,
        i1_0.droit_inscription,
        i1_0.id_formation,
        i1_0.statut 
    from
        inscription i1_0 
    where
        i1_0.id_apprenant=?
2025-09-17 12:16:54 - 
    select
        p1_0.id_inscription,
        p1_0.id_paiement,
        p1_0.date_paiement,
        p1_0.mode_paiement,
        p1_0.module,
        p1_0.montant 
    from
        paiement p1_0 
    where
        p1_0.id_inscription=?
2025-09-17 12:16:54 - 
    select
        f1_0.id_formation,
        f1_0.description,
        f1_0.duree,
        f1_0.frais,
        f1_0.nom 
    from
        formation f1_0 
    where
        f1_0.id_formation=?
2025-09-17 12:16:54 - 
    select
        i1_0.id_apprenant,
        i1_0.id_inscription,
        i1_0.date_inscription,
        i1_0.droit_inscription,
        i1_0.id_formation,
        i1_0.statut 
    from
        inscription i1_0 
    where
        i1_0.id_apprenant=?
2025-09-17 12:16:54 - 
    select
        p1_0.id_inscription,
        p1_0.id_paiement,
        p1_0.date_paiement,
        p1_0.mode_paiement,
        p1_0.module,
        p1_0.montant 
    from
        paiement p1_0 
    where
        p1_0.id_inscription=?
2025-09-17 12:16:54 - 
    select
        f1_0.id_formation,
        f1_0.description,
        f1_0.duree,
        f1_0.frais,
        f1_0.nom 
    from
        formation f1_0 
    where
        f1_0.id_formation=?
2025-09-17 12:16:54 - 
    select
        i1_0.id_apprenant,
        i1_0.id_inscription,
        i1_0.date_inscription,
        i1_0.droit_inscription,
        i1_0.id_formation,
        i1_0.statut 
    from
        inscription i1_0 
    where
        i1_0.id_apprenant=?
2025-09-17 12:16:54 - 
    select
        i1_0.id_apprenant,
        i1_0.id_inscription,
        i1_0.date_inscription,
        i1_0.droit_inscription,
        i1_0.id_formation,
        i1_0.statut 
    from
        inscription i1_0 
    where
        i1_0.id_apprenant=?
2025-09-17 12:16:54 - 
    select
        i1_0.id_apprenant,
        i1_0.id_inscription,
        i1_0.date_inscription,
        i1_0.droit_inscription,
        i1_0.id_formation,
        i1_0.statut 
    from
        inscription i1_0 
    where
        i1_0.id_apprenant=?
2025-09-17 12:16:54 - Completed 200 OK
