[INFO] Scanning for projects...
[INFO] 
[INFO] ----------------------< com.example:G_apprenant >-----------------------
[INFO] Building G_apprenant 0.0.1-SNAPSHOT
[INFO]   from pom.xml
[INFO] --------------------------------[ jar ]---------------------------------
[INFO] 
[INFO] >>> spring-boot:3.5.5:run (default-cli) > test-compile @ G_apprenant >>>
[INFO] 
[INFO] --- resources:3.3.1:resources (default-resources) @ G_apprenant ---
[INFO] Copying 1 resource from src/main/resources to target/classes
[INFO] Copying 1 resource from src/main/resources to target/classes
[INFO] 
[INFO] --- compiler:3.14.0:compile (default-compile) @ G_apprenant ---
[INFO] Nothing to compile - all classes are up to date.
[INFO] 
[INFO] --- resources:3.3.1:testResources (default-testResources) @ G_apprenant ---
[INFO] skip non existing resourceDirectory /media/fandresena/Data/projet/backent_gestion_formation/src/test/resources
[INFO] 
[INFO] --- compiler:3.14.0:testCompile (default-testCompile) @ G_apprenant ---
[INFO] Recompiling the module because of changed source code.
[INFO] Compiling 1 source file with javac [debug parameters release 17] to target/test-classes
[INFO] 
[INFO] <<< spring-boot:3.5.5:run (default-cli) < test-compile @ G_apprenant <<<
[INFO] 
[INFO] 
[INFO] --- spring-boot:3.5.5:run (default-cli) @ G_apprenant ---
[INFO] Attaching agents: []

  .   ____          _            __ _ _
 /\\ / ___'_ __ _ _(_)_ __  __ _ \ \ \ \
( ( )\___ | '_ | '_| | '_ \/ _` | \ \ \ \
 \\/  ___)| |_)| | | | | || (_| |  ) ) ) )
  '  |____| .__|_| |_|_| |_\__, | / / / /
 =========|_|==============|___/=/_/_/_/

 :: Spring Boot ::                (v3.5.5)

2025-09-24 17:59:26 - Starting GApprenantApplication using Java 17.0.16 with PID 53260 (/media/fandresena/Data/projet/backent_gestion_formation/target/classes started by fandresena in /media/fandresena/Data/projet/backent_gestion_formation)
2025-09-24 17:59:26 - No active profile set, falling back to 1 default profile: "default"
2025-09-24 17:59:26 - Devtools property defaults active! Set 'spring.devtools.add-properties' to 'false' to disable
2025-09-24 17:59:26 - For additional web related logging consider setting the 'logging.level.web' property to 'DEBUG'
2025-09-24 17:59:30 - Bootstrapping Spring Data JPA repositories in DEFAULT mode.
2025-09-24 17:59:30 - Finished Spring Data repository scanning in 174 ms. Found 6 JPA repository interfaces.
2025-09-24 17:59:31 - Tomcat initialized with port 8080 (http)
2025-09-24 17:59:31 - Starting service [Tomcat]
2025-09-24 17:59:31 - Starting Servlet engine: [Apache Tomcat/10.1.44]
2025-09-24 17:59:31 - Initializing Spring embedded WebApplicationContext
2025-09-24 17:59:31 - Root WebApplicationContext: initialization completed in 4867 ms
2025-09-24 17:59:32 - Filter 'webMvcObservationFilter' configured for use
2025-09-24 17:59:32 - HHH000204: Processing PersistenceUnitInfo [name: default]
2025-09-24 17:59:32 - HHH000412: Hibernate ORM core version 6.6.26.Final
2025-09-24 17:59:32 - HHH000026: Second-level cache disabled
2025-09-24 17:59:33 - No LoadTimeWeaver setup: ignoring JPA class transformer
2025-09-24 17:59:33 - HikariPool-1 - Starting...
2025-09-24 17:59:33 - HikariPool-1 - Added connection org.postgresql.jdbc.PgConnection@7a9625d5
2025-09-24 17:59:33 - HikariPool-1 - Start completed.
2025-09-24 17:59:33 - HHH90000025: PostgreSQLDialect does not need to be specified explicitly using 'hibernate.dialect' (remove the property setting and it will be selected by default)
2025-09-24 17:59:33 - HHH10001005: Database info:
	Database JDBC URL [Connecting through datasource 'HikariDataSource (HikariPool-1)']
	Database driver: undefined/unknown
	Database version: 16.10
	Autocommit mode: undefined/unknown
	Isolation level: undefined/unknown
	Minimum pool size: undefined/unknown
	Maximum pool size: undefined/unknown
2025-09-24 17:59:33 - addDescriptor(2003, org.hibernate.type.descriptor.sql.internal.ArrayDdlTypeImpl@60b7a591) replaced previous registration(org.hibernate.type.descriptor.sql.internal.ArrayDdlTypeImpl@47dda482)
2025-09-24 17:59:33 - addDescriptor(6, org.hibernate.type.descriptor.sql.internal.CapacityDependentDdlType@5bfe95c7) replaced previous registration(org.hibernate.type.descriptor.sql.internal.DdlTypeImpl@3f38249f)
2025-09-24 17:59:36 - HHH000489: No JTA platform available (set 'hibernate.transaction.jta.platform' to enable JTA platform integration)
2025-09-24 17:59:36 - Initialized JPA EntityManagerFactory for persistence unit 'default'
2025-09-24 17:59:37 - Hibernate is in classpath; If applicable, HQL parser will be used.
2025-09-24 17:59:42 - spring.jpa.open-in-view is enabled by default. Therefore, database queries may be performed during view rendering. Explicitly configure spring.jpa.open-in-view to disable this warning
2025-09-24 17:59:43 - 81 mappings in 'requestMappingHandlerMapping'
2025-09-24 17:59:43 - Patterns [/webjars/**, /**, /swagger-ui*/*swagger-initializer.js, /swagger-ui*/**] in 'resourceHandlerMapping'
2025-09-24 17:59:43 - Exposing 3 endpoints beneath base path '/actuator'
2025-09-24 17:59:44 - ControllerAdvice beans: 0 @ModelAttribute, 0 @InitBinder, 1 RequestBodyAdvice, 1 ResponseBodyAdvice
2025-09-24 17:59:44 - ControllerAdvice beans: 2 @ExceptionHandler, 1 ResponseBodyAdvice
2025-09-24 17:59:45 - Unable to start LiveReload server
2025-09-24 17:59:45 - Exception encountered during context initialization - cancelling refresh attempt: org.springframework.context.ApplicationContextException: Failed to start bean 'webServerStartStop'
2025-09-24 17:59:45 - Closing JPA EntityManagerFactory for persistence unit 'default'
2025-09-24 17:59:45 - HikariPool-1 - Shutdown initiated...
2025-09-24 17:59:45 - HikariPool-1 - Shutdown completed.
2025-09-24 17:59:45 - 

Error starting ApplicationContext. To display the condition evaluation report re-run your application with 'debug' enabled.
2025-09-24 17:59:45 - 

***************************
APPLICATION FAILED TO START
***************************

Description:

Web server failed to start. Port 8080 was already in use.

Action:

Identify and stop the process that's listening on port 8080 or configure this application to listen on another port.

[INFO] ------------------------------------------------------------------------
[INFO] BUILD SUCCESS
[INFO] ------------------------------------------------------------------------
[INFO] Total time:  28.005 s
[INFO] Finished at: 2025-09-24T17:59:45+03:00
[INFO] ------------------------------------------------------------------------
